{"C:\\Users\\Rob\\Desktop\\repos\\simple-calcuator\\src\\App.tsx": {"path":"C:\\Users\\Rob\\Desktop\\repos\\simple-calcuator\\src\\App.tsx","all":true,"statementMap":{"1":{"start":{"line":2,"column":0},"end":{"line":2,"column":49}},"2":{"start":{"line":3,"column":0},"end":{"line":3,"column":19}},"4":{"start":{"line":5,"column":0},"end":{"line":5,"column":16}},"5":{"start":{"line":6,"column":0},"end":{"line":6,"column":10}},"6":{"start":{"line":7,"column":0},"end":{"line":7,"column":25}},"7":{"start":{"line":8,"column":0},"end":{"line":8,"column":37}},"8":{"start":{"line":9,"column":0},"end":{"line":9,"column":34}},"9":{"start":{"line":10,"column":0},"end":{"line":10,"column":15}},"10":{"start":{"line":11,"column":0},"end":{"line":11,"column":12}},"11":{"start":{"line":12,"column":0},"end":{"line":12,"column":22}},"12":{"start":{"line":13,"column":0},"end":{"line":13,"column":13}},"13":{"start":{"line":14,"column":0},"end":{"line":14,"column":37}},"14":{"start":{"line":15,"column":0},"end":{"line":15,"column":66}},"15":{"start":{"line":16,"column":0},"end":{"line":16,"column":15}},"16":{"start":{"line":17,"column":0},"end":{"line":17,"column":10}},"18":{"start":{"line":19,"column":0},"end":{"line":19,"column":1}},"20":{"start":{"line":21,"column":0},"end":{"line":21,"column":19}}},"s":{"1":0,"2":0,"4":0,"5":0,"6":0,"7":0,"8":0,"9":0,"10":0,"11":0,"12":0,"13":0,"14":0,"15":0,"16":0,"18":0,"20":0},"branchMap":{"0":{"type":"branch","line":1,"loc":{"start":{"line":1,"column":198},"end":{"line":21,"column":-272}},"locations":[{"start":{"line":1,"column":198},"end":{"line":21,"column":-272}}]}},"b":{"0":[1]},"fnMap":{"0":{"name":"(empty-report)","decl":{"start":{"line":1,"column":198},"end":{"line":21,"column":-272}},"loc":{"start":{"line":1,"column":198},"end":{"line":21,"column":-272}},"line":1}},"f":{"0":1}}
,"C:\\Users\\Rob\\Desktop\\repos\\simple-calcuator\\src\\main.tsx": {"path":"C:\\Users\\Rob\\Desktop\\repos\\simple-calcuator\\src\\main.tsx","all":true,"statementMap":{"0":{"start":{"line":1,"column":0},"end":{"line":1,"column":34}},"1":{"start":{"line":2,"column":0},"end":{"line":2,"column":45}},"2":{"start":{"line":3,"column":0},"end":{"line":3,"column":20}},"3":{"start":{"line":4,"column":0},"end":{"line":4,"column":27}},"5":{"start":{"line":6,"column":0},"end":{"line":6,"column":52}},"6":{"start":{"line":7,"column":0},"end":{"line":7,"column":14}},"7":{"start":{"line":8,"column":0},"end":{"line":8,"column":11}},"8":{"start":{"line":9,"column":0},"end":{"line":9,"column":16}},"9":{"start":{"line":10,"column":0},"end":{"line":10,"column":1}}},"s":{"0":0,"1":0,"2":0,"3":0,"5":0,"6":0,"7":0,"8":0,"9":0},"branchMap":{"0":{"type":"branch","line":1,"loc":{"start":{"line":1,"column":203},"end":{"line":10,"column":-148}},"locations":[{"start":{"line":1,"column":203},"end":{"line":10,"column":-148}}]}},"b":{"0":[0]},"fnMap":{"0":{"name":"(empty-report)","decl":{"start":{"line":1,"column":203},"end":{"line":10,"column":-148}},"loc":{"start":{"line":1,"column":203},"end":{"line":10,"column":-148}},"line":1}},"f":{"0":0}}
,"C:\\Users\\Rob\\Desktop\\repos\\simple-calcuator\\src\\vite-env.d.ts": {"path":"C:\\Users\\Rob\\Desktop\\repos\\simple-calcuator\\src\\vite-env.d.ts","all":true,"statementMap":{},"s":{},"branchMap":{"0":{"type":"branch","line":1,"loc":{"start":{"line":1,"column":37},"end":{"line":1,"column":37}},"locations":[{"start":{"line":1,"column":37},"end":{"line":1,"column":37}}]}},"b":{"0":[1]},"fnMap":{"0":{"name":"(empty-report)","decl":{"start":{"line":1,"column":37},"end":{"line":1,"column":37}},"loc":{"start":{"line":1,"column":37},"end":{"line":1,"column":37}},"line":1}},"f":{"0":1}}
,"C:\\Users\\Rob\\Desktop\\repos\\simple-calcuator\\src\\components\\Button\\index.tsx": {"path":"C:\\Users\\Rob\\Desktop\\repos\\simple-calcuator\\src\\components\\Button\\index.tsx","all":false,"statementMap":{"1":{"start":{"line":2,"column":0},"end":{"line":2,"column":22}},"10":{"start":{"line":11,"column":0},"end":{"line":11,"column":40}},"11":{"start":{"line":12,"column":0},"end":{"line":12,"column":8}},"12":{"start":{"line":13,"column":0},"end":{"line":13,"column":18}},"13":{"start":{"line":14,"column":0},"end":{"line":14,"column":10}},"14":{"start":{"line":15,"column":0},"end":{"line":15,"column":16}},"15":{"start":{"line":16,"column":0},"end":{"line":16,"column":7}},"16":{"start":{"line":17,"column":0},"end":{"line":17,"column":10}},"17":{"start":{"line":18,"column":0},"end":{"line":18,"column":11}},"18":{"start":{"line":19,"column":0},"end":{"line":19,"column":58}},"19":{"start":{"line":20,"column":0},"end":{"line":20,"column":23}},"20":{"start":{"line":21,"column":0},"end":{"line":21,"column":37}},"22":{"start":{"line":23,"column":0},"end":{"line":23,"column":13}},"23":{"start":{"line":24,"column":0},"end":{"line":24,"column":13}},"25":{"start":{"line":26,"column":0},"end":{"line":26,"column":2}},"27":{"start":{"line":28,"column":0},"end":{"line":28,"column":22}}},"s":{"1":1,"10":1,"11":196,"12":196,"13":196,"14":196,"15":196,"16":196,"17":196,"18":196,"19":196,"20":196,"22":196,"23":196,"25":196,"27":1},"branchMap":{"0":{"type":"branch","line":11,"loc":{"start":{"line":11,"column":38},"end":{"line":26,"column":2}},"locations":[{"start":{"line":11,"column":38},"end":{"line":26,"column":2}}]}},"b":{"0":[196]},"fnMap":{"0":{"name":"Button","decl":{"start":{"line":11,"column":38},"end":{"line":26,"column":2}},"loc":{"start":{"line":11,"column":38},"end":{"line":26,"column":2}},"line":11}},"f":{"0":196}}
,"C:\\Users\\Rob\\Desktop\\repos\\simple-calcuator\\src\\components\\Calculator\\CalculatorModel.ts": {"path":"C:\\Users\\Rob\\Desktop\\repos\\simple-calcuator\\src\\components\\Calculator\\CalculatorModel.ts","all":false,"statementMap":{"19":{"start":{"line":20,"column":0},"end":{"line":20,"column":38}},"20":{"start":{"line":21,"column":0},"end":{"line":21,"column":31}},"21":{"start":{"line":22,"column":0},"end":{"line":22,"column":32}},"22":{"start":{"line":23,"column":0},"end":{"line":23,"column":43}},"23":{"start":{"line":24,"column":0},"end":{"line":24,"column":39}},"24":{"start":{"line":25,"column":0},"end":{"line":25,"column":24}},"25":{"start":{"line":26,"column":0},"end":{"line":26,"column":17}},"26":{"start":{"line":27,"column":0},"end":{"line":27,"column":18}},"27":{"start":{"line":28,"column":0},"end":{"line":28,"column":21}},"28":{"start":{"line":29,"column":0},"end":{"line":29,"column":22}},"29":{"start":{"line":30,"column":0},"end":{"line":30,"column":3}},"34":{"start":{"line":35,"column":0},"end":{"line":35,"column":94}},"35":{"start":{"line":36,"column":0},"end":{"line":36,"column":13}},"36":{"start":{"line":37,"column":0},"end":{"line":37,"column":23}},"37":{"start":{"line":38,"column":0},"end":{"line":38,"column":3}},"42":{"start":{"line":43,"column":0},"end":{"line":43,"column":102}},"43":{"start":{"line":44,"column":0},"end":{"line":44,"column":13}},"44":{"start":{"line":45,"column":0},"end":{"line":45,"column":32}},"45":{"start":{"line":46,"column":0},"end":{"line":46,"column":38}},"46":{"start":{"line":47,"column":0},"end":{"line":47,"column":28}},"47":{"start":{"line":48,"column":0},"end":{"line":48,"column":3}},"52":{"start":{"line":53,"column":0},"end":{"line":53,"column":98}},"53":{"start":{"line":54,"column":0},"end":{"line":54,"column":13}},"54":{"start":{"line":55,"column":0},"end":{"line":55,"column":28}},"55":{"start":{"line":56,"column":0},"end":{"line":56,"column":3}},"60":{"start":{"line":61,"column":0},"end":{"line":61,"column":71}},"65":{"start":{"line":66,"column":0},"end":{"line":66,"column":73}},"66":{"start":{"line":67,"column":0},"end":{"line":67,"column":13}},"67":{"start":{"line":68,"column":0},"end":{"line":68,"column":21}},"68":{"start":{"line":69,"column":0},"end":{"line":69,"column":3}}},"s":{"19":1,"20":25,"21":25,"22":25,"23":25,"24":25,"25":25,"26":25,"27":25,"28":25,"29":25,"34":1,"35":3,"36":3,"37":3,"42":1,"43":3,"44":3,"45":3,"46":3,"47":3,"52":1,"53":1,"54":1,"55":1,"60":1,"65":1,"66":1,"67":1,"68":1},"branchMap":{"0":{"type":"branch","line":20,"loc":{"start":{"line":20,"column":37},"end":{"line":30,"column":3}},"locations":[{"start":{"line":20,"column":37},"end":{"line":30,"column":3}}]},"1":{"type":"branch","line":35,"loc":{"start":{"line":35,"column":32},"end":{"line":38,"column":3}},"locations":[{"start":{"line":35,"column":32},"end":{"line":38,"column":3}}]},"2":{"type":"branch","line":43,"loc":{"start":{"line":43,"column":29},"end":{"line":48,"column":3}},"locations":[{"start":{"line":43,"column":29},"end":{"line":48,"column":3}}]},"3":{"type":"branch","line":53,"loc":{"start":{"line":53,"column":36},"end":{"line":56,"column":3}},"locations":[{"start":{"line":53,"column":36},"end":{"line":56,"column":3}}]},"4":{"type":"branch","line":61,"loc":{"start":{"line":61,"column":24},"end":{"line":61,"column":71}},"locations":[{"start":{"line":61,"column":24},"end":{"line":61,"column":71}}]},"5":{"type":"branch","line":66,"loc":{"start":{"line":66,"column":26},"end":{"line":69,"column":3}},"locations":[{"start":{"line":66,"column":26},"end":{"line":69,"column":3}}]}},"b":{"0":[25],"1":[3],"2":[3],"3":[1],"4":[1],"5":[1]},"fnMap":{"0":{"name":"createCalculatorModel","decl":{"start":{"line":20,"column":37},"end":{"line":30,"column":3}},"loc":{"start":{"line":20,"column":37},"end":{"line":30,"column":3}},"line":20},"1":{"name":"withDisplayValue","decl":{"start":{"line":35,"column":32},"end":{"line":38,"column":3}},"loc":{"start":{"line":35,"column":32},"end":{"line":38,"column":3}},"line":35},"2":{"name":"withOperation","decl":{"start":{"line":43,"column":29},"end":{"line":48,"column":3}},"loc":{"start":{"line":43,"column":29},"end":{"line":48,"column":3}},"line":43},"3":{"name":"withClearDisplayFlag","decl":{"start":{"line":53,"column":36},"end":{"line":56,"column":3}},"loc":{"start":{"line":53,"column":36},"end":{"line":56,"column":3}},"line":53},"4":{"name":"clearAll","decl":{"start":{"line":61,"column":24},"end":{"line":61,"column":71}},"loc":{"start":{"line":61,"column":24},"end":{"line":61,"column":71}},"line":61},"5":{"name":"clearEntry","decl":{"start":{"line":66,"column":26},"end":{"line":69,"column":3}},"loc":{"start":{"line":66,"column":26},"end":{"line":69,"column":3}},"line":66}},"f":{"0":25,"1":3,"2":3,"3":1,"4":1,"5":1}}
,"C:\\Users\\Rob\\Desktop\\repos\\simple-calcuator\\src\\components\\Calculator\\CalculatorViewModel.ts": {"path":"C:\\Users\\Rob\\Desktop\\repos\\simple-calcuator\\src\\components\\Calculator\\CalculatorViewModel.ts","all":false,"statementMap":{"3":{"start":{"line":4,"column":0},"end":{"line":4,"column":108}},"5":{"start":{"line":6,"column":0},"end":{"line":6,"column":86}},"23":{"start":{"line":24,"column":0},"end":{"line":24,"column":31}},"24":{"start":{"line":25,"column":0},"end":{"line":25,"column":27}},"25":{"start":{"line":26,"column":0},"end":{"line":26,"column":39}},"26":{"start":{"line":27,"column":0},"end":{"line":27,"column":46}},"27":{"start":{"line":28,"column":0},"end":{"line":28,"column":27}},"29":{"start":{"line":30,"column":0},"end":{"line":30,"column":61}},"30":{"start":{"line":31,"column":0},"end":{"line":31,"column":38}},"31":{"start":{"line":32,"column":0},"end":{"line":32,"column":38}},"32":{"start":{"line":33,"column":0},"end":{"line":33,"column":9}},"33":{"start":{"line":34,"column":0},"end":{"line":34,"column":125}},"34":{"start":{"line":35,"column":0},"end":{"line":35,"column":6}},"37":{"start":{"line":38,"column":0},"end":{"line":38,"column":50}},"38":{"start":{"line":39,"column":0},"end":{"line":39,"column":33}},"39":{"start":{"line":40,"column":0},"end":{"line":40,"column":45}},"40":{"start":{"line":41,"column":0},"end":{"line":41,"column":59}},"41":{"start":{"line":42,"column":0},"end":{"line":42,"column":46}},"42":{"start":{"line":43,"column":0},"end":{"line":43,"column":51}},"43":{"start":{"line":44,"column":0},"end":{"line":44,"column":49}},"44":{"start":{"line":45,"column":0},"end":{"line":45,"column":10}},"46":{"start":{"line":47,"column":0},"end":{"line":47,"column":61}},"48":{"start":{"line":49,"column":0},"end":{"line":49,"column":18}},"49":{"start":{"line":50,"column":0},"end":{"line":50,"column":21}},"50":{"start":{"line":51,"column":0},"end":{"line":51,"column":48}},"51":{"start":{"line":52,"column":0},"end":{"line":52,"column":53}},"52":{"start":{"line":53,"column":0},"end":{"line":53,"column":11}},"53":{"start":{"line":54,"column":0},"end":{"line":54,"column":6}},"55":{"start":{"line":56,"column":0},"end":{"line":56,"column":55}},"57":{"start":{"line":58,"column":0},"end":{"line":58,"column":61}},"58":{"start":{"line":59,"column":0},"end":{"line":59,"column":21}},"59":{"start":{"line":60,"column":0},"end":{"line":60,"column":21}},"60":{"start":{"line":61,"column":0},"end":{"line":61,"column":21}},"61":{"start":{"line":62,"column":0},"end":{"line":62,"column":20}},"62":{"start":{"line":63,"column":0},"end":{"line":63,"column":10}},"64":{"start":{"line":65,"column":0},"end":{"line":65,"column":70}},"67":{"start":{"line":68,"column":0},"end":{"line":68,"column":66}},"68":{"start":{"line":69,"column":0},"end":{"line":69,"column":60}},"69":{"start":{"line":70,"column":0},"end":{"line":70,"column":59}},"70":{"start":{"line":71,"column":0},"end":{"line":71,"column":16}},"71":{"start":{"line":72,"column":0},"end":{"line":72,"column":58}},"72":{"start":{"line":73,"column":0},"end":{"line":73,"column":9}},"73":{"start":{"line":74,"column":0},"end":{"line":74,"column":6}},"75":{"start":{"line":76,"column":0},"end":{"line":76,"column":51}},"76":{"start":{"line":77,"column":0},"end":{"line":77,"column":23}},"77":{"start":{"line":78,"column":0},"end":{"line":78,"column":25}},"78":{"start":{"line":79,"column":0},"end":{"line":79,"column":50}},"79":{"start":{"line":80,"column":0},"end":{"line":80,"column":22}},"80":{"start":{"line":81,"column":0},"end":{"line":81,"column":26}},"81":{"start":{"line":82,"column":0},"end":{"line":82,"column":45}},"82":{"start":{"line":83,"column":0},"end":{"line":83,"column":68}},"83":{"start":{"line":84,"column":0},"end":{"line":84,"column":37}},"84":{"start":{"line":85,"column":0},"end":{"line":85,"column":17}},"85":{"start":{"line":86,"column":0},"end":{"line":86,"column":22}},"86":{"start":{"line":87,"column":0},"end":{"line":87,"column":27}},"87":{"start":{"line":88,"column":0},"end":{"line":88,"column":67}},"88":{"start":{"line":89,"column":0},"end":{"line":89,"column":68}},"89":{"start":{"line":90,"column":0},"end":{"line":90,"column":22}},"90":{"start":{"line":91,"column":0},"end":{"line":91,"column":26}},"91":{"start":{"line":92,"column":0},"end":{"line":92,"column":69}},"92":{"start":{"line":93,"column":0},"end":{"line":93,"column":71}},"93":{"start":{"line":94,"column":0},"end":{"line":94,"column":22}},"94":{"start":{"line":95,"column":0},"end":{"line":95,"column":9}},"95":{"start":{"line":96,"column":0},"end":{"line":96,"column":6}},"97":{"start":{"line":98,"column":0},"end":{"line":98,"column":12}},"98":{"start":{"line":99,"column":0},"end":{"line":99,"column":34}},"99":{"start":{"line":100,"column":0},"end":{"line":100,"column":67}},"100":{"start":{"line":101,"column":0},"end":{"line":101,"column":41}},"101":{"start":{"line":102,"column":0},"end":{"line":102,"column":45}},"102":{"start":{"line":103,"column":0},"end":{"line":103,"column":45}},"103":{"start":{"line":104,"column":0},"end":{"line":104,"column":24}},"104":{"start":{"line":105,"column":0},"end":{"line":105,"column":6}},"105":{"start":{"line":106,"column":0},"end":{"line":106,"column":2}},"110":{"start":{"line":111,"column":0},"end":{"line":111,"column":80}},"111":{"start":{"line":112,"column":0},"end":{"line":112,"column":46}},"113":{"start":{"line":114,"column":0},"end":{"line":114,"column":29}},"114":{"start":{"line":115,"column":0},"end":{"line":115,"column":41}},"115":{"start":{"line":116,"column":0},"end":{"line":116,"column":55}},"116":{"start":{"line":117,"column":0},"end":{"line":117,"column":42}},"117":{"start":{"line":118,"column":0},"end":{"line":118,"column":47}},"118":{"start":{"line":119,"column":0},"end":{"line":119,"column":17}},"119":{"start":{"line":120,"column":0},"end":{"line":120,"column":6}},"121":{"start":{"line":122,"column":0},"end":{"line":122,"column":9}},"122":{"start":{"line":123,"column":0},"end":{"line":123,"column":58}},"124":{"start":{"line":125,"column":0},"end":{"line":125,"column":16}},"125":{"start":{"line":126,"column":0},"end":{"line":126,"column":21}},"126":{"start":{"line":127,"column":0},"end":{"line":127,"column":48}},"127":{"start":{"line":128,"column":0},"end":{"line":128,"column":35}},"128":{"start":{"line":129,"column":0},"end":{"line":129,"column":36}},"129":{"start":{"line":130,"column":0},"end":{"line":130,"column":10}},"130":{"start":{"line":131,"column":0},"end":{"line":131,"column":21}},"131":{"start":{"line":132,"column":0},"end":{"line":132,"column":16}},"132":{"start":{"line":133,"column":0},"end":{"line":133,"column":21}},"133":{"start":{"line":134,"column":0},"end":{"line":134,"column":75}},"134":{"start":{"line":135,"column":0},"end":{"line":135,"column":35}},"135":{"start":{"line":136,"column":0},"end":{"line":136,"column":36}},"136":{"start":{"line":137,"column":0},"end":{"line":137,"column":10}},"137":{"start":{"line":138,"column":0},"end":{"line":138,"column":5}},"138":{"start":{"line":139,"column":0},"end":{"line":139,"column":2}}},"s":{"3":1,"5":1,"23":1,"24":15,"25":15,"26":15,"27":15,"29":15,"30":15,"31":11,"32":11,"33":15,"34":15,"37":15,"38":2,"39":2,"40":2,"41":2,"42":2,"43":2,"44":2,"46":2,"48":2,"49":2,"50":2,"51":2,"52":2,"53":2,"55":15,"57":2,"58":2,"59":2,"60":2,"61":2,"62":2,"64":2,"67":2,"68":0,"69":0,"70":2,"71":2,"72":2,"73":2,"75":15,"76":5,"77":5,"78":2,"79":2,"80":5,"81":1,"82":1,"83":1,"84":1,"85":1,"86":5,"87":1,"88":1,"89":1,"90":5,"91":1,"92":1,"93":1,"94":5,"95":5,"97":15,"98":15,"99":15,"100":15,"101":15,"102":15,"103":15,"104":15,"105":15,"110":1,"111":1,"113":1,"114":1,"115":1,"116":1,"117":1,"118":1,"119":1,"121":1,"122":1,"124":1,"125":1,"126":1,"127":1,"128":1,"129":1,"130":1,"131":0,"132":0,"133":0,"134":0,"135":0,"136":0,"137":0,"138":1},"branchMap":{"0":{"type":"branch","line":24,"loc":{"start":{"line":24,"column":30},"end":{"line":106,"column":2}},"locations":[{"start":{"line":24,"column":30},"end":{"line":106,"column":2}}]},"1":{"type":"branch","line":100,"loc":{"start":{"line":100,"column":22},"end":{"line":100,"column":64}},"locations":[{"start":{"line":100,"column":22},"end":{"line":100,"column":64}}]},"2":{"type":"branch","line":100,"loc":{"start":{"line":100,"column":49},"end":{"line":100,"column":67}},"locations":[{"start":{"line":100,"column":49},"end":{"line":100,"column":67}}]},"3":{"type":"branch","line":30,"loc":{"start":{"line":30,"column":24},"end":{"line":35,"column":6}},"locations":[{"start":{"line":30,"column":24},"end":{"line":35,"column":6}}]},"4":{"type":"branch","line":31,"loc":{"start":{"line":31,"column":37},"end":{"line":33,"column":9}},"locations":[{"start":{"line":31,"column":37},"end":{"line":33,"column":9}}]},"5":{"type":"branch","line":33,"loc":{"start":{"line":33,"column":8},"end":{"line":34,"column":98}},"locations":[{"start":{"line":33,"column":8},"end":{"line":34,"column":98}}]},"6":{"type":"branch","line":33,"loc":{"start":{"line":33,"column":8},"end":{"line":34,"column":93}},"locations":[{"start":{"line":33,"column":8},"end":{"line":34,"column":93}}]},"7":{"type":"branch","line":34,"loc":{"start":{"line":34,"column":72},"end":{"line":34,"column":98}},"locations":[{"start":{"line":34,"column":72},"end":{"line":34,"column":98}}]},"8":{"type":"branch","line":34,"loc":{"start":{"line":34,"column":93},"end":{"line":34,"column":122}},"locations":[{"start":{"line":34,"column":93},"end":{"line":34,"column":122}}]},"9":{"type":"branch","line":38,"loc":{"start":{"line":38,"column":30},"end":{"line":54,"column":6}},"locations":[{"start":{"line":38,"column":30},"end":{"line":54,"column":6}}]},"10":{"type":"branch","line":56,"loc":{"start":{"line":56,"column":32},"end":{"line":74,"column":6}},"locations":[{"start":{"line":56,"column":32},"end":{"line":74,"column":6}}]},"11":{"type":"branch","line":68,"loc":{"start":{"line":68,"column":18},"end":{"line":68,"column":65}},"locations":[{"start":{"line":68,"column":18},"end":{"line":68,"column":65}}]},"12":{"type":"branch","line":68,"loc":{"start":{"line":68,"column":65},"end":{"line":71,"column":15}},"locations":[{"start":{"line":68,"column":65},"end":{"line":71,"column":15}}]},"13":{"type":"branch","line":76,"loc":{"start":{"line":76,"column":32},"end":{"line":96,"column":6}},"locations":[{"start":{"line":76,"column":32},"end":{"line":96,"column":6}}]},"14":{"type":"branch","line":78,"loc":{"start":{"line":78,"column":12},"end":{"line":80,"column":22}},"locations":[{"start":{"line":78,"column":12},"end":{"line":80,"column":22}}]},"15":{"type":"branch","line":81,"loc":{"start":{"line":81,"column":12},"end":{"line":86,"column":22}},"locations":[{"start":{"line":81,"column":12},"end":{"line":86,"column":22}}]},"16":{"type":"branch","line":87,"loc":{"start":{"line":87,"column":12},"end":{"line":90,"column":22}},"locations":[{"start":{"line":87,"column":12},"end":{"line":90,"column":22}}]},"17":{"type":"branch","line":91,"loc":{"start":{"line":91,"column":12},"end":{"line":94,"column":22}},"locations":[{"start":{"line":91,"column":12},"end":{"line":94,"column":22}}]},"18":{"type":"branch","line":111,"loc":{"start":{"line":111,"column":34},"end":{"line":139,"column":2}},"locations":[{"start":{"line":111,"column":34},"end":{"line":139,"column":2}}]},"19":{"type":"branch","line":112,"loc":{"start":{"line":112,"column":33},"end":{"line":112,"column":46}},"locations":[{"start":{"line":112,"column":33},"end":{"line":112,"column":46}}]},"20":{"type":"branch","line":131,"loc":{"start":{"line":131,"column":4},"end":{"line":138,"column":5}},"locations":[{"start":{"line":131,"column":4},"end":{"line":138,"column":5}}]}},"b":{"0":[15],"1":[1],"2":[14],"3":[15],"4":[11],"5":[9],"6":[4],"7":[1],"8":[3],"9":[2],"10":[2],"11":[0],"12":[0],"13":[5],"14":[2],"15":[1],"16":[1],"17":[1],"18":[1],"19":[0],"20":[0]},"fnMap":{"0":{"name":"mapToViewProps","decl":{"start":{"line":24,"column":30},"end":{"line":106,"column":2}},"loc":{"start":{"line":24,"column":30},"end":{"line":106,"column":2}},"line":24},"1":{"name":"formatInput","decl":{"start":{"line":30,"column":24},"end":{"line":35,"column":6}},"loc":{"start":{"line":30,"column":24},"end":{"line":35,"column":6}},"line":30},"2":{"name":"handleNumberClick","decl":{"start":{"line":38,"column":30},"end":{"line":54,"column":6}},"loc":{"start":{"line":38,"column":30},"end":{"line":54,"column":6}},"line":38},"3":{"name":"handleOperatorClick","decl":{"start":{"line":56,"column":32},"end":{"line":74,"column":6}},"loc":{"start":{"line":56,"column":32},"end":{"line":74,"column":6}},"line":56},"4":{"name":"handleFunctionClick","decl":{"start":{"line":76,"column":32},"end":{"line":96,"column":6}},"loc":{"start":{"line":76,"column":32},"end":{"line":96,"column":6}},"line":76},"5":{"name":"calculatePendingOperation","decl":{"start":{"line":111,"column":34},"end":{"line":139,"column":2}},"loc":{"start":{"line":111,"column":34},"end":{"line":139,"column":2}},"line":111}},"f":{"0":15,"1":15,"2":2,"3":2,"4":5,"5":1}}
,"C:\\Users\\Rob\\Desktop\\repos\\simple-calcuator\\src\\components\\Calculator\\index.tsx": {"path":"C:\\Users\\Rob\\Desktop\\repos\\simple-calcuator\\src\\components\\Calculator\\index.tsx","all":false,"statementMap":{"1":{"start":{"line":2,"column":0},"end":{"line":2,"column":33}},"2":{"start":{"line":3,"column":0},"end":{"line":3,"column":31}},"3":{"start":{"line":4,"column":0},"end":{"line":4,"column":33}},"4":{"start":{"line":5,"column":0},"end":{"line":5,"column":22}},"5":{"start":{"line":6,"column":0},"end":{"line":6,"column":76}},"6":{"start":{"line":7,"column":0},"end":{"line":7,"column":43}},"8":{"start":{"line":9,"column":0},"end":{"line":9,"column":36}},"10":{"start":{"line":11,"column":0},"end":{"line":11,"column":122}},"12":{"start":{"line":13,"column":0},"end":{"line":13,"column":12}},"13":{"start":{"line":14,"column":0},"end":{"line":14,"column":46}},"14":{"start":{"line":15,"column":0},"end":{"line":15,"column":45}},"15":{"start":{"line":16,"column":0},"end":{"line":16,"column":57}},"16":{"start":{"line":17,"column":0},"end":{"line":17,"column":23}},"17":{"start":{"line":18,"column":0},"end":{"line":18,"column":49}},"18":{"start":{"line":19,"column":0},"end":{"line":19,"column":53}},"19":{"start":{"line":20,"column":0},"end":{"line":20,"column":53}},"20":{"start":{"line":21,"column":0},"end":{"line":21,"column":18}},"21":{"start":{"line":22,"column":0},"end":{"line":22,"column":18}},"22":{"start":{"line":23,"column":0},"end":{"line":23,"column":20}},"23":{"start":{"line":24,"column":0},"end":{"line":24,"column":60}},"24":{"start":{"line":25,"column":0},"end":{"line":25,"column":72}},"25":{"start":{"line":26,"column":0},"end":{"line":26,"column":14}},"26":{"start":{"line":27,"column":0},"end":{"line":27,"column":14}},"28":{"start":{"line":29,"column":0},"end":{"line":29,"column":2}},"30":{"start":{"line":31,"column":0},"end":{"line":31,"column":36}}},"s":{"1":1,"2":1,"3":1,"4":1,"5":1,"6":1,"8":1,"10":3,"12":3,"13":3,"14":3,"15":3,"16":3,"17":3,"18":3,"19":3,"20":3,"21":3,"22":3,"23":3,"24":3,"25":3,"26":3,"28":3,"30":1},"branchMap":{"0":{"type":"branch","line":9,"loc":{"start":{"line":9,"column":29},"end":{"line":29,"column":2}},"locations":[{"start":{"line":9,"column":29},"end":{"line":29,"column":2}}]}},"b":{"0":[3]},"fnMap":{"0":{"name":"Calculator","decl":{"start":{"line":9,"column":29},"end":{"line":29,"column":2}},"loc":{"start":{"line":9,"column":29},"end":{"line":29,"column":2}},"line":9}},"f":{"0":3}}
,"C:\\Users\\Rob\\Desktop\\repos\\simple-calcuator\\src\\components\\Display\\index.tsx": {"path":"C:\\Users\\Rob\\Desktop\\repos\\simple-calcuator\\src\\components\\Display\\index.tsx","all":false,"statementMap":{"1":{"start":{"line":2,"column":0},"end":{"line":2,"column":22}},"8":{"start":{"line":9,"column":0},"end":{"line":9,"column":64}},"9":{"start":{"line":10,"column":0},"end":{"line":10,"column":12}},"10":{"start":{"line":11,"column":0},"end":{"line":11,"column":44}},"11":{"start":{"line":12,"column":0},"end":{"line":12,"column":85}},"12":{"start":{"line":13,"column":0},"end":{"line":13,"column":30}},"13":{"start":{"line":14,"column":0},"end":{"line":14,"column":18}},"14":{"start":{"line":15,"column":0},"end":{"line":15,"column":87}},"15":{"start":{"line":16,"column":0},"end":{"line":16,"column":30}},"16":{"start":{"line":17,"column":0},"end":{"line":17,"column":18}},"17":{"start":{"line":18,"column":0},"end":{"line":18,"column":14}},"19":{"start":{"line":20,"column":0},"end":{"line":20,"column":2}},"21":{"start":{"line":22,"column":0},"end":{"line":22,"column":23}}},"s":{"1":1,"8":1,"9":7,"10":7,"11":7,"12":7,"13":7,"14":7,"15":7,"16":7,"17":7,"19":7,"21":1},"branchMap":{"0":{"type":"branch","line":9,"loc":{"start":{"line":9,"column":40},"end":{"line":20,"column":2}},"locations":[{"start":{"line":9,"column":40},"end":{"line":20,"column":2}}]},"1":{"type":"branch","line":13,"loc":{"start":{"line":13,"column":17},"end":{"line":13,"column":30}},"locations":[{"start":{"line":13,"column":17},"end":{"line":13,"column":30}}]},"2":{"type":"branch","line":16,"loc":{"start":{"line":16,"column":17},"end":{"line":16,"column":30}},"locations":[{"start":{"line":16,"column":17},"end":{"line":16,"column":30}}]}},"b":{"0":[7],"1":[1],"2":[1]},"fnMap":{"0":{"name":"Display","decl":{"start":{"line":9,"column":40},"end":{"line":20,"column":2}},"loc":{"start":{"line":9,"column":40},"end":{"line":20,"column":2}},"line":9}},"f":{"0":7}}
,"C:\\Users\\Rob\\Desktop\\repos\\simple-calcuator\\src\\components\\History\\HistoryModel.ts": {"path":"C:\\Users\\Rob\\Desktop\\repos\\simple-calcuator\\src\\components\\History\\HistoryModel.ts","all":false,"statementMap":{"16":{"start":{"line":17,"column":0},"end":{"line":17,"column":35}},"17":{"start":{"line":18,"column":0},"end":{"line":18,"column":23}},"18":{"start":{"line":19,"column":0},"end":{"line":19,"column":19}},"19":{"start":{"line":20,"column":0},"end":{"line":20,"column":34}},"20":{"start":{"line":21,"column":0},"end":{"line":21,"column":26}},"21":{"start":{"line":22,"column":0},"end":{"line":22,"column":15}},"22":{"start":{"line":23,"column":0},"end":{"line":23,"column":11}},"23":{"start":{"line":24,"column":0},"end":{"line":24,"column":13}},"24":{"start":{"line":25,"column":0},"end":{"line":25,"column":3}},"36":{"start":{"line":37,"column":0},"end":{"line":37,"column":35}},"37":{"start":{"line":38,"column":0},"end":{"line":38,"column":50}},"38":{"start":{"line":39,"column":0},"end":{"line":39,"column":21}},"39":{"start":{"line":40,"column":0},"end":{"line":40,"column":11}},"40":{"start":{"line":41,"column":0},"end":{"line":41,"column":3}},"45":{"start":{"line":46,"column":0},"end":{"line":46,"column":32}},"46":{"start":{"line":47,"column":0},"end":{"line":47,"column":24}},"47":{"start":{"line":48,"column":0},"end":{"line":48,"column":28}},"48":{"start":{"line":49,"column":0},"end":{"line":49,"column":21}},"49":{"start":{"line":50,"column":0},"end":{"line":50,"column":38}},"50":{"start":{"line":51,"column":0},"end":{"line":51,"column":3}},"55":{"start":{"line":56,"column":0},"end":{"line":56,"column":29}},"56":{"start":{"line":57,"column":0},"end":{"line":57,"column":24}},"57":{"start":{"line":58,"column":0},"end":{"line":58,"column":23}},"58":{"start":{"line":59,"column":0},"end":{"line":59,"column":18}},"60":{"start":{"line":61,"column":0},"end":{"line":61,"column":67}},"65":{"start":{"line":66,"column":0},"end":{"line":66,"column":69}}},"s":{"16":1,"17":15,"18":15,"19":15,"20":15,"21":15,"22":15,"23":15,"24":15,"36":1,"37":25,"38":25,"39":25,"40":25,"45":1,"46":3,"47":3,"48":3,"49":3,"50":3,"55":1,"56":1,"57":1,"58":1,"60":1,"65":1},"branchMap":{"0":{"type":"branch","line":17,"loc":{"start":{"line":17,"column":34},"end":{"line":25,"column":3}},"locations":[{"start":{"line":17,"column":34},"end":{"line":25,"column":3}}]},"1":{"type":"branch","line":37,"loc":{"start":{"line":37,"column":34},"end":{"line":41,"column":3}},"locations":[{"start":{"line":37,"column":34},"end":{"line":41,"column":3}}]},"2":{"type":"branch","line":46,"loc":{"start":{"line":46,"column":31},"end":{"line":51,"column":3}},"locations":[{"start":{"line":46,"column":31},"end":{"line":51,"column":3}}]},"3":{"type":"branch","line":56,"loc":{"start":{"line":56,"column":28},"end":{"line":61,"column":67}},"locations":[{"start":{"line":56,"column":28},"end":{"line":61,"column":67}}]},"4":{"type":"branch","line":66,"loc":{"start":{"line":66,"column":28},"end":{"line":66,"column":69}},"locations":[{"start":{"line":66,"column":28},"end":{"line":66,"column":69}}]}},"b":{"0":[15],"1":[25],"2":[3],"3":[1],"4":[1]},"fnMap":{"0":{"name":"createHistoryEntry","decl":{"start":{"line":17,"column":34},"end":{"line":25,"column":3}},"loc":{"start":{"line":17,"column":34},"end":{"line":25,"column":3}},"line":17},"1":{"name":"createHistoryModel","decl":{"start":{"line":37,"column":34},"end":{"line":41,"column":3}},"loc":{"start":{"line":37,"column":34},"end":{"line":41,"column":3}},"line":37},"2":{"name":"addHistoryEntry","decl":{"start":{"line":46,"column":31},"end":{"line":51,"column":3}},"loc":{"start":{"line":46,"column":31},"end":{"line":51,"column":3}},"line":46},"3":{"name":"addToHistory","decl":{"start":{"line":56,"column":28},"end":{"line":61,"column":67}},"loc":{"start":{"line":56,"column":28},"end":{"line":61,"column":67}},"line":56},"4":{"name":"clearHistory","decl":{"start":{"line":66,"column":28},"end":{"line":66,"column":69}},"loc":{"start":{"line":66,"column":28},"end":{"line":66,"column":69}},"line":66}},"f":{"0":15,"1":25,"2":3,"3":1,"4":1}}
,"C:\\Users\\Rob\\Desktop\\repos\\simple-calcuator\\src\\components\\History\\HistoryViewModel.ts": {"path":"C:\\Users\\Rob\\Desktop\\repos\\simple-calcuator\\src\\components\\History\\HistoryViewModel.ts","all":false,"statementMap":{"27":{"start":{"line":28,"column":0},"end":{"line":28,"column":79}},"28":{"start":{"line":29,"column":0},"end":{"line":29,"column":33}},"29":{"start":{"line":30,"column":0},"end":{"line":30,"column":25}},"30":{"start":{"line":31,"column":0},"end":{"line":31,"column":30}},"31":{"start":{"line":32,"column":0},"end":{"line":32,"column":3}},"36":{"start":{"line":37,"column":0},"end":{"line":37,"column":39}},"37":{"start":{"line":38,"column":0},"end":{"line":38,"column":24}},"38":{"start":{"line":39,"column":0},"end":{"line":39,"column":55}},"39":{"start":{"line":40,"column":0},"end":{"line":40,"column":24}},"41":{"start":{"line":42,"column":0},"end":{"line":42,"column":87}},"44":{"start":{"line":45,"column":0},"end":{"line":45,"column":64}},"47":{"start":{"line":48,"column":0},"end":{"line":48,"column":50}},"49":{"start":{"line":50,"column":0},"end":{"line":50,"column":50}},"50":{"start":{"line":51,"column":0},"end":{"line":51,"column":48}},"51":{"start":{"line":52,"column":0},"end":{"line":52,"column":40}},"52":{"start":{"line":53,"column":0},"end":{"line":53,"column":43}},"53":{"start":{"line":54,"column":0},"end":{"line":54,"column":10}},"55":{"start":{"line":56,"column":0},"end":{"line":56,"column":25}},"56":{"start":{"line":57,"column":0},"end":{"line":57,"column":40}},"57":{"start":{"line":58,"column":0},"end":{"line":58,"column":9}},"58":{"start":{"line":59,"column":0},"end":{"line":59,"column":6}},"60":{"start":{"line":61,"column":0},"end":{"line":61,"column":12}},"61":{"start":{"line":62,"column":0},"end":{"line":62,"column":20}},"62":{"start":{"line":63,"column":0},"end":{"line":63,"column":20}},"63":{"start":{"line":64,"column":0},"end":{"line":64,"column":38}},"64":{"start":{"line":65,"column":0},"end":{"line":65,"column":10}},"65":{"start":{"line":66,"column":0},"end":{"line":66,"column":20}},"66":{"start":{"line":67,"column":0},"end":{"line":67,"column":22}},"67":{"start":{"line":68,"column":0},"end":{"line":68,"column":37}},"68":{"start":{"line":69,"column":0},"end":{"line":69,"column":6}},"69":{"start":{"line":70,"column":0},"end":{"line":70,"column":2}}},"s":{"27":1,"28":5,"29":5,"30":5,"31":5,"36":1,"37":18,"38":18,"39":18,"41":18,"44":18,"47":18,"49":2,"50":2,"51":1,"52":1,"53":2,"55":2,"56":1,"57":1,"58":2,"60":18,"61":18,"62":18,"63":18,"64":18,"65":18,"66":18,"67":18,"68":18,"69":18},"branchMap":{"0":{"type":"branch","line":28,"loc":{"start":{"line":28,"column":33},"end":{"line":32,"column":3}},"locations":[{"start":{"line":28,"column":33},"end":{"line":32,"column":3}}]},"1":{"type":"branch","line":37,"loc":{"start":{"line":37,"column":38},"end":{"line":70,"column":2}},"locations":[{"start":{"line":37,"column":38},"end":{"line":70,"column":2}}]},"2":{"type":"branch","line":42,"loc":{"start":{"line":42,"column":50},"end":{"line":42,"column":85}},"locations":[{"start":{"line":42,"column":50},"end":{"line":42,"column":85}}]},"3":{"type":"branch","line":48,"loc":{"start":{"line":48,"column":24},"end":{"line":59,"column":6}},"locations":[{"start":{"line":48,"column":24},"end":{"line":59,"column":6}}]},"4":{"type":"branch","line":56,"loc":{"start":{"line":56,"column":24},"end":{"line":58,"column":9}},"locations":[{"start":{"line":56,"column":24},"end":{"line":58,"column":9}}]},"5":{"type":"branch","line":50,"loc":{"start":{"line":50,"column":46},"end":{"line":53,"column":43}},"locations":[{"start":{"line":50,"column":46},"end":{"line":53,"column":43}}]},"6":{"type":"branch","line":51,"loc":{"start":{"line":51,"column":35},"end":{"line":52,"column":40}},"locations":[{"start":{"line":51,"column":35},"end":{"line":52,"column":40}}]},"7":{"type":"branch","line":52,"loc":{"start":{"line":52,"column":31},"end":{"line":53,"column":43}},"locations":[{"start":{"line":52,"column":31},"end":{"line":53,"column":43}}]}},"b":{"0":[5],"1":[18],"2":[3],"3":[2],"4":[1],"5":[2],"6":[1],"7":[1]},"fnMap":{"0":{"name":"mapModelEntryToViewEntry","decl":{"start":{"line":28,"column":33},"end":{"line":32,"column":3}},"loc":{"start":{"line":28,"column":33},"end":{"line":32,"column":3}},"line":28},"1":{"name":"createHistoryViewModel","decl":{"start":{"line":37,"column":38},"end":{"line":70,"column":2}},"loc":{"start":{"line":37,"column":38},"end":{"line":70,"column":2}},"line":37},"2":{"name":"selectEntry","decl":{"start":{"line":48,"column":24},"end":{"line":59,"column":6}},"loc":{"start":{"line":48,"column":24},"end":{"line":59,"column":6}},"line":48}},"f":{"0":5,"1":18,"2":2}}
,"C:\\Users\\Rob\\Desktop\\repos\\simple-calcuator\\src\\components\\History\\index.tsx": {"path":"C:\\Users\\Rob\\Desktop\\repos\\simple-calcuator\\src\\components\\History\\index.tsx","all":false,"statementMap":{"0":{"start":{"line":1,"column":0},"end":{"line":1,"column":49}},"1":{"start":{"line":2,"column":0},"end":{"line":2,"column":40}},"2":{"start":{"line":3,"column":0},"end":{"line":3,"column":22}},"11":{"start":{"line":12,"column":0},"end":{"line":12,"column":107}},"12":{"start":{"line":13,"column":0},"end":{"line":13,"column":16}},"15":{"start":{"line":16,"column":0},"end":{"line":16,"column":28}},"16":{"start":{"line":17,"column":0},"end":{"line":17,"column":68}},"17":{"start":{"line":18,"column":0},"end":{"line":18,"column":19}},"19":{"start":{"line":20,"column":0},"end":{"line":20,"column":40}},"20":{"start":{"line":21,"column":0},"end":{"line":21,"column":93}},"21":{"start":{"line":22,"column":0},"end":{"line":22,"column":73}},"22":{"start":{"line":23,"column":0},"end":{"line":23,"column":65}},"24":{"start":{"line":25,"column":0},"end":{"line":25,"column":67}},"27":{"start":{"line":28,"column":0},"end":{"line":28,"column":15}},"29":{"start":{"line":30,"column":0},"end":{"line":30,"column":10}},"32":{"start":{"line":33,"column":0},"end":{"line":33,"column":2}},"35":{"start":{"line":36,"column":0},"end":{"line":36,"column":73}},"36":{"start":{"line":37,"column":0},"end":{"line":37,"column":52}},"38":{"start":{"line":39,"column":0},"end":{"line":39,"column":21}},"39":{"start":{"line":40,"column":0},"end":{"line":40,"column":33}},"40":{"start":{"line":41,"column":0},"end":{"line":41,"column":86}},"41":{"start":{"line":42,"column":0},"end":{"line":42,"column":9}},"42":{"start":{"line":43,"column":0},"end":{"line":43,"column":33}},"44":{"start":{"line":45,"column":0},"end":{"line":45,"column":104}},"45":{"start":{"line":46,"column":0},"end":{"line":46,"column":2}},"47":{"start":{"line":48,"column":0},"end":{"line":48,"column":23}}},"s":{"0":1,"1":1,"2":1,"11":1,"12":8,"15":8,"16":4,"17":4,"19":4,"20":7,"21":7,"22":7,"24":7,"27":4,"29":8,"32":8,"35":1,"36":8,"38":8,"39":8,"40":8,"41":8,"42":8,"44":8,"45":8,"47":1},"branchMap":{"0":{"type":"branch","line":12,"loc":{"start":{"line":12,"column":30},"end":{"line":33,"column":2}},"locations":[{"start":{"line":12,"column":30},"end":{"line":33,"column":2}}]},"1":{"type":"branch","line":16,"loc":{"start":{"line":16,"column":27},"end":{"line":17,"column":68}},"locations":[{"start":{"line":16,"column":27},"end":{"line":17,"column":68}}]},"2":{"type":"branch","line":17,"loc":{"start":{"line":17,"column":14},"end":{"line":28,"column":15}},"locations":[{"start":{"line":17,"column":14},"end":{"line":28,"column":15}}]},"3":{"type":"branch","line":20,"loc":{"start":{"line":20,"column":26},"end":{"line":25,"column":67}},"locations":[{"start":{"line":20,"column":26},"end":{"line":25,"column":67}}]},"4":{"type":"branch","line":36,"loc":{"start":{"line":36,"column":40},"end":{"line":46,"column":2}},"locations":[{"start":{"line":36,"column":40},"end":{"line":46,"column":2}}]},"5":{"type":"branch","line":39,"loc":{"start":{"line":39,"column":14},"end":{"line":43,"column":7}},"locations":[{"start":{"line":39,"column":14},"end":{"line":43,"column":7}}]}},"b":{"0":[8],"1":[4],"2":[4],"3":[7],"4":[8],"5":[8]},"fnMap":{"0":{"name":"createHistoryTemplate","decl":{"start":{"line":12,"column":30},"end":{"line":33,"column":2}},"loc":{"start":{"line":12,"column":30},"end":{"line":33,"column":2}},"line":12},"1":{"name":"History","decl":{"start":{"line":36,"column":40},"end":{"line":46,"column":2}},"loc":{"start":{"line":36,"column":40},"end":{"line":46,"column":2}},"line":36}},"f":{"0":8,"1":8}}
,"C:\\Users\\Rob\\Desktop\\repos\\simple-calcuator\\src\\components\\History\\types.ts": {"path":"C:\\Users\\Rob\\Desktop\\repos\\simple-calcuator\\src\\components\\History\\types.ts","all":true,"statementMap":{},"s":{},"branchMap":{"0":{"type":"branch","line":1,"loc":{"start":{"line":1,"column":100},"end":{"line":5,"column":1}},"locations":[{"start":{"line":1,"column":100},"end":{"line":5,"column":1}}]}},"b":{"0":[1]},"fnMap":{"0":{"name":"(empty-report)","decl":{"start":{"line":1,"column":100},"end":{"line":5,"column":1}},"loc":{"start":{"line":1,"column":100},"end":{"line":5,"column":1}},"line":1}},"f":{"0":1}}
,"C:\\Users\\Rob\\Desktop\\repos\\simple-calcuator\\src\\components\\Keypad\\index.tsx": {"path":"C:\\Users\\Rob\\Desktop\\repos\\simple-calcuator\\src\\components\\Keypad\\index.tsx","all":false,"statementMap":{"1":{"start":{"line":2,"column":0},"end":{"line":2,"column":31}},"2":{"start":{"line":3,"column":0},"end":{"line":3,"column":22}},"10":{"start":{"line":11,"column":0},"end":{"line":11,"column":40}},"11":{"start":{"line":12,"column":0},"end":{"line":12,"column":18}},"12":{"start":{"line":13,"column":0},"end":{"line":13,"column":20}},"13":{"start":{"line":14,"column":0},"end":{"line":14,"column":19}},"14":{"start":{"line":15,"column":0},"end":{"line":15,"column":7}},"15":{"start":{"line":16,"column":0},"end":{"line":16,"column":12}},"16":{"start":{"line":17,"column":0},"end":{"line":17,"column":43}},"17":{"start":{"line":18,"column":0},"end":{"line":18,"column":40}},"18":{"start":{"line":19,"column":0},"end":{"line":19,"column":93}},"19":{"start":{"line":20,"column":0},"end":{"line":20,"column":94}},"20":{"start":{"line":21,"column":0},"end":{"line":21,"column":95}},"21":{"start":{"line":22,"column":0},"end":{"line":22,"column":89}},"22":{"start":{"line":23,"column":0},"end":{"line":23,"column":18}},"23":{"start":{"line":24,"column":0},"end":{"line":24,"column":40}},"24":{"start":{"line":25,"column":0},"end":{"line":25,"column":71}},"25":{"start":{"line":26,"column":0},"end":{"line":26,"column":71}},"26":{"start":{"line":27,"column":0},"end":{"line":27,"column":71}},"27":{"start":{"line":28,"column":0},"end":{"line":28,"column":89}},"28":{"start":{"line":29,"column":0},"end":{"line":29,"column":18}},"29":{"start":{"line":30,"column":0},"end":{"line":30,"column":40}},"30":{"start":{"line":31,"column":0},"end":{"line":31,"column":71}},"31":{"start":{"line":32,"column":0},"end":{"line":32,"column":71}},"32":{"start":{"line":33,"column":0},"end":{"line":33,"column":71}},"33":{"start":{"line":34,"column":0},"end":{"line":34,"column":89}},"34":{"start":{"line":35,"column":0},"end":{"line":35,"column":18}},"35":{"start":{"line":36,"column":0},"end":{"line":36,"column":40}},"36":{"start":{"line":37,"column":0},"end":{"line":37,"column":71}},"37":{"start":{"line":38,"column":0},"end":{"line":38,"column":71}},"38":{"start":{"line":39,"column":0},"end":{"line":39,"column":71}},"39":{"start":{"line":40,"column":0},"end":{"line":40,"column":89}},"40":{"start":{"line":41,"column":0},"end":{"line":41,"column":18}},"41":{"start":{"line":42,"column":0},"end":{"line":42,"column":40}},"42":{"start":{"line":43,"column":0},"end":{"line":43,"column":95}},"43":{"start":{"line":44,"column":0},"end":{"line":44,"column":71}},"44":{"start":{"line":45,"column":0},"end":{"line":45,"column":94}},"45":{"start":{"line":46,"column":0},"end":{"line":46,"column":18}},"46":{"start":{"line":47,"column":0},"end":{"line":47,"column":14}},"48":{"start":{"line":49,"column":0},"end":{"line":49,"column":2}},"50":{"start":{"line":51,"column":0},"end":{"line":51,"column":22}}},"s":{"1":1,"2":1,"10":1,"11":10,"12":10,"13":10,"14":10,"15":10,"16":10,"17":10,"18":10,"19":10,"20":10,"21":10,"22":10,"23":10,"24":10,"25":10,"26":10,"27":10,"28":10,"29":10,"30":10,"31":10,"32":10,"33":10,"34":10,"35":10,"36":10,"37":10,"38":10,"39":10,"40":10,"41":10,"42":10,"43":10,"44":10,"45":10,"46":10,"48":10,"50":1},"branchMap":{"0":{"type":"branch","line":11,"loc":{"start":{"line":11,"column":38},"end":{"line":49,"column":2}},"locations":[{"start":{"line":11,"column":38},"end":{"line":49,"column":2}}]},"1":{"type":"branch","line":19,"loc":{"start":{"line":19,"column":59},"end":{"line":19,"column":91}},"locations":[{"start":{"line":19,"column":59},"end":{"line":19,"column":91}}]},"2":{"type":"branch","line":22,"loc":{"start":{"line":22,"column":59},"end":{"line":22,"column":87}},"locations":[{"start":{"line":22,"column":59},"end":{"line":22,"column":87}}]},"3":{"type":"branch","line":32,"loc":{"start":{"line":32,"column":43},"end":{"line":32,"column":69}},"locations":[{"start":{"line":32,"column":43},"end":{"line":32,"column":69}}]},"4":{"type":"branch","line":40,"loc":{"start":{"line":40,"column":59},"end":{"line":40,"column":87}},"locations":[{"start":{"line":40,"column":59},"end":{"line":40,"column":87}}]},"5":{"type":"branch","line":44,"loc":{"start":{"line":44,"column":43},"end":{"line":44,"column":69}},"locations":[{"start":{"line":44,"column":43},"end":{"line":44,"column":69}}]},"6":{"type":"branch","line":45,"loc":{"start":{"line":45,"column":59},"end":{"line":45,"column":92}},"locations":[{"start":{"line":45,"column":59},"end":{"line":45,"column":92}}]}},"b":{"0":[10],"1":[1],"2":[1],"3":[1],"4":[1],"5":[1],"6":[1]},"fnMap":{"0":{"name":"Keypad","decl":{"start":{"line":11,"column":38},"end":{"line":49,"column":2}},"loc":{"start":{"line":11,"column":38},"end":{"line":49,"column":2}},"line":11},"1":{"name":"onClick","decl":{"start":{"line":19,"column":59},"end":{"line":19,"column":91}},"loc":{"start":{"line":19,"column":59},"end":{"line":19,"column":91}},"line":19},"2":{"name":"onClick","decl":{"start":{"line":20,"column":59},"end":{"line":20,"column":92}},"loc":{"start":{"line":20,"column":59},"end":{"line":20,"column":92}},"line":20},"3":{"name":"onClick","decl":{"start":{"line":21,"column":59},"end":{"line":21,"column":93}},"loc":{"start":{"line":21,"column":59},"end":{"line":21,"column":93}},"line":21},"4":{"name":"onClick","decl":{"start":{"line":22,"column":59},"end":{"line":22,"column":87}},"loc":{"start":{"line":22,"column":59},"end":{"line":22,"column":87}},"line":22},"5":{"name":"onClick","decl":{"start":{"line":25,"column":43},"end":{"line":25,"column":69}},"loc":{"start":{"line":25,"column":43},"end":{"line":25,"column":69}},"line":25},"6":{"name":"onClick","decl":{"start":{"line":26,"column":43},"end":{"line":26,"column":69}},"loc":{"start":{"line":26,"column":43},"end":{"line":26,"column":69}},"line":26},"7":{"name":"onClick","decl":{"start":{"line":27,"column":43},"end":{"line":27,"column":69}},"loc":{"start":{"line":27,"column":43},"end":{"line":27,"column":69}},"line":27},"8":{"name":"onClick","decl":{"start":{"line":28,"column":59},"end":{"line":28,"column":87}},"loc":{"start":{"line":28,"column":59},"end":{"line":28,"column":87}},"line":28},"9":{"name":"onClick","decl":{"start":{"line":31,"column":43},"end":{"line":31,"column":69}},"loc":{"start":{"line":31,"column":43},"end":{"line":31,"column":69}},"line":31},"10":{"name":"onClick","decl":{"start":{"line":32,"column":43},"end":{"line":32,"column":69}},"loc":{"start":{"line":32,"column":43},"end":{"line":32,"column":69}},"line":32},"11":{"name":"onClick","decl":{"start":{"line":33,"column":43},"end":{"line":33,"column":69}},"loc":{"start":{"line":33,"column":43},"end":{"line":33,"column":69}},"line":33},"12":{"name":"onClick","decl":{"start":{"line":34,"column":59},"end":{"line":34,"column":87}},"loc":{"start":{"line":34,"column":59},"end":{"line":34,"column":87}},"line":34},"13":{"name":"onClick","decl":{"start":{"line":37,"column":43},"end":{"line":37,"column":69}},"loc":{"start":{"line":37,"column":43},"end":{"line":37,"column":69}},"line":37},"14":{"name":"onClick","decl":{"start":{"line":38,"column":43},"end":{"line":38,"column":69}},"loc":{"start":{"line":38,"column":43},"end":{"line":38,"column":69}},"line":38},"15":{"name":"onClick","decl":{"start":{"line":39,"column":43},"end":{"line":39,"column":69}},"loc":{"start":{"line":39,"column":43},"end":{"line":39,"column":69}},"line":39},"16":{"name":"onClick","decl":{"start":{"line":40,"column":59},"end":{"line":40,"column":87}},"loc":{"start":{"line":40,"column":59},"end":{"line":40,"column":87}},"line":40},"17":{"name":"onClick","decl":{"start":{"line":43,"column":67},"end":{"line":43,"column":93}},"loc":{"start":{"line":43,"column":67},"end":{"line":43,"column":93}},"line":43},"18":{"name":"onClick","decl":{"start":{"line":44,"column":43},"end":{"line":44,"column":69}},"loc":{"start":{"line":44,"column":43},"end":{"line":44,"column":69}},"line":44},"19":{"name":"onClick","decl":{"start":{"line":45,"column":59},"end":{"line":45,"column":92}},"loc":{"start":{"line":45,"column":59},"end":{"line":45,"column":92}},"line":45}},"f":{"0":10,"1":1,"2":0,"3":0,"4":1,"5":0,"6":0,"7":0,"8":0,"9":0,"10":1,"11":0,"12":0,"13":0,"14":0,"15":0,"16":1,"17":0,"18":1,"19":1}}
,"C:\\Users\\Rob\\Desktop\\repos\\simple-calcuator\\src\\hooks\\useCalculatorViewModel.ts": {"path":"C:\\Users\\Rob\\Desktop\\repos\\simple-calcuator\\src\\hooks\\useCalculatorViewModel.ts","all":false,"statementMap":{"3":{"start":{"line":4,"column":0},"end":{"line":4,"column":45}},"4":{"start":{"line":5,"column":0},"end":{"line":5,"column":98}},"5":{"start":{"line":6,"column":0},"end":{"line":6,"column":99}},"6":{"start":{"line":7,"column":0},"end":{"line":7,"column":59}},"7":{"start":{"line":8,"column":0},"end":{"line":8,"column":106}},"8":{"start":{"line":9,"column":0},"end":{"line":9,"column":80}},"13":{"start":{"line":14,"column":0},"end":{"line":14,"column":66}},"15":{"start":{"line":16,"column":0},"end":{"line":16,"column":59}},"16":{"start":{"line":17,"column":0},"end":{"line":17,"column":30}},"17":{"start":{"line":18,"column":0},"end":{"line":18,"column":41}},"18":{"start":{"line":19,"column":0},"end":{"line":19,"column":42}},"19":{"start":{"line":20,"column":0},"end":{"line":20,"column":45}},"20":{"start":{"line":21,"column":0},"end":{"line":21,"column":46}},"21":{"start":{"line":22,"column":0},"end":{"line":22,"column":12}},"22":{"start":{"line":23,"column":0},"end":{"line":23,"column":37}},"23":{"start":{"line":24,"column":0},"end":{"line":24,"column":38}},"24":{"start":{"line":25,"column":0},"end":{"line":25,"column":41}},"25":{"start":{"line":26,"column":0},"end":{"line":26,"column":42}},"26":{"start":{"line":27,"column":0},"end":{"line":27,"column":7}},"29":{"start":{"line":30,"column":0},"end":{"line":30,"column":54}},"30":{"start":{"line":31,"column":0},"end":{"line":31,"column":59}},"31":{"start":{"line":32,"column":0},"end":{"line":32,"column":60}},"32":{"start":{"line":33,"column":0},"end":{"line":33,"column":10}},"33":{"start":{"line":34,"column":0},"end":{"line":34,"column":43}},"34":{"start":{"line":35,"column":0},"end":{"line":35,"column":34}},"37":{"start":{"line":38,"column":0},"end":{"line":38,"column":73}},"39":{"start":{"line":40,"column":0},"end":{"line":40,"column":58}},"40":{"start":{"line":41,"column":0},"end":{"line":41,"column":60}},"41":{"start":{"line":42,"column":0},"end":{"line":42,"column":66}},"42":{"start":{"line":43,"column":0},"end":{"line":43,"column":70}},"43":{"start":{"line":44,"column":0},"end":{"line":44,"column":11}},"46":{"start":{"line":47,"column":0},"end":{"line":47,"column":42}},"47":{"start":{"line":48,"column":0},"end":{"line":48,"column":57}},"49":{"start":{"line":50,"column":0},"end":{"line":50,"column":56}},"50":{"start":{"line":51,"column":0},"end":{"line":51,"column":54}},"51":{"start":{"line":52,"column":0},"end":{"line":52,"column":11}},"52":{"start":{"line":53,"column":0},"end":{"line":53,"column":22}},"53":{"start":{"line":54,"column":0},"end":{"line":54,"column":6}},"56":{"start":{"line":57,"column":0},"end":{"line":57,"column":82}},"57":{"start":{"line":58,"column":0},"end":{"line":58,"column":2}},"62":{"start":{"line":63,"column":0},"end":{"line":63,"column":40}},"63":{"start":{"line":64,"column":0},"end":{"line":64,"column":78}},"64":{"start":{"line":65,"column":0},"end":{"line":65,"column":57}},"65":{"start":{"line":66,"column":0},"end":{"line":66,"column":11}},"67":{"start":{"line":68,"column":0},"end":{"line":68,"column":44}},"68":{"start":{"line":69,"column":0},"end":{"line":69,"column":39}},"69":{"start":{"line":70,"column":0},"end":{"line":70,"column":11}},"71":{"start":{"line":72,"column":0},"end":{"line":72,"column":42}},"72":{"start":{"line":73,"column":0},"end":{"line":73,"column":2}}},"s":{"3":1,"4":1,"5":1,"6":1,"7":1,"8":1,"13":1,"15":6,"16":6,"17":6,"18":6,"19":6,"20":6,"21":6,"22":6,"23":6,"24":6,"25":6,"26":6,"29":6,"30":5,"31":0,"32":5,"33":5,"34":6,"37":6,"39":3,"40":3,"41":3,"42":3,"43":6,"46":6,"47":5,"49":0,"50":0,"51":5,"52":6,"53":6,"56":6,"57":6,"62":1,"63":2,"64":1,"65":2,"67":2,"68":1,"69":2,"71":2,"72":2},"branchMap":{"0":{"type":"branch","line":14,"loc":{"start":{"line":14,"column":38},"end":{"line":58,"column":2}},"locations":[{"start":{"line":14,"column":38},"end":{"line":58,"column":2}}]},"1":{"type":"branch","line":16,"loc":{"start":{"line":16,"column":53},"end":{"line":22,"column":11}},"locations":[{"start":{"line":16,"column":53},"end":{"line":22,"column":11}}]},"2":{"type":"branch","line":30,"loc":{"start":{"line":30,"column":47},"end":{"line":35,"column":7}},"locations":[{"start":{"line":30,"column":47},"end":{"line":35,"column":7}}]},"3":{"type":"branch","line":38,"loc":{"start":{"line":38,"column":44},"end":{"line":44,"column":7}},"locations":[{"start":{"line":38,"column":44},"end":{"line":44,"column":7}}]},"4":{"type":"branch","line":47,"loc":{"start":{"line":47,"column":37},"end":{"line":52,"column":11}},"locations":[{"start":{"line":47,"column":37},"end":{"line":52,"column":11}}]},"5":{"type":"branch","line":63,"loc":{"start":{"line":63,"column":33},"end":{"line":73,"column":2}},"locations":[{"start":{"line":63,"column":33},"end":{"line":73,"column":2}}]},"6":{"type":"branch","line":64,"loc":{"start":{"line":64,"column":37},"end":{"line":66,"column":7}},"locations":[{"start":{"line":64,"column":37},"end":{"line":66,"column":7}}]},"7":{"type":"branch","line":68,"loc":{"start":{"line":68,"column":37},"end":{"line":70,"column":7}},"locations":[{"start":{"line":68,"column":37},"end":{"line":70,"column":7}}]}},"b":{"0":[6],"1":[6],"2":[5],"3":[3],"4":[5],"5":[2],"6":[1],"7":[1]},"fnMap":{"0":{"name":"useCalculatorViewModel","decl":{"start":{"line":14,"column":38},"end":{"line":58,"column":2}},"loc":{"start":{"line":14,"column":38},"end":{"line":58,"column":2}},"line":14},"1":{"name":"useHistoryActions","decl":{"start":{"line":63,"column":33},"end":{"line":73,"column":2}},"loc":{"start":{"line":63,"column":33},"end":{"line":73,"column":2}},"line":63}},"f":{"0":6,"1":2}}
,"C:\\Users\\Rob\\Desktop\\repos\\simple-calcuator\\src\\store\\calculatorStore.ts": {"path":"C:\\Users\\Rob\\Desktop\\repos\\simple-calcuator\\src\\store\\calculatorStore.ts","all":false,"statementMap":{"0":{"start":{"line":1,"column":0},"end":{"line":1,"column":42}},"1":{"start":{"line":2,"column":0},"end":{"line":2,"column":9}},"17":{"start":{"line":18,"column":0},"end":{"line":18,"column":30}},"19":{"start":{"line":20,"column":0},"end":{"line":20,"column":31}},"22":{"start":{"line":23,"column":0},"end":{"line":23,"column":32}},"25":{"start":{"line":26,"column":0},"end":{"line":26,"column":43}},"28":{"start":{"line":29,"column":0},"end":{"line":29,"column":40}},"31":{"start":{"line":32,"column":0},"end":{"line":32,"column":43}},"33":{"start":{"line":34,"column":0},"end":{"line":34,"column":19}},"34":{"start":{"line":35,"column":0},"end":{"line":35,"column":33}},"35":{"start":{"line":36,"column":0},"end":{"line":36,"column":5}},"38":{"start":{"line":39,"column":0},"end":{"line":39,"column":32}},"40":{"start":{"line":41,"column":0},"end":{"line":41,"column":43}},"41":{"start":{"line":42,"column":0},"end":{"line":42,"column":44}},"42":{"start":{"line":43,"column":0},"end":{"line":43,"column":58}},"43":{"start":{"line":44,"column":0},"end":{"line":44,"column":45}},"44":{"start":{"line":45,"column":0},"end":{"line":45,"column":50}},"45":{"start":{"line":46,"column":0},"end":{"line":46,"column":49}},"46":{"start":{"line":47,"column":0},"end":{"line":47,"column":10}},"49":{"start":{"line":50,"column":0},"end":{"line":50,"column":56}},"52":{"start":{"line":53,"column":0},"end":{"line":53,"column":50}},"53":{"start":{"line":54,"column":0},"end":{"line":54,"column":56}},"54":{"start":{"line":55,"column":0},"end":{"line":55,"column":5}},"57":{"start":{"line":58,"column":0},"end":{"line":58,"column":44}},"58":{"start":{"line":59,"column":0},"end":{"line":59,"column":97}},"60":{"start":{"line":61,"column":0},"end":{"line":61,"column":35}},"61":{"start":{"line":62,"column":0},"end":{"line":62,"column":9}},"63":{"start":{"line":64,"column":0},"end":{"line":64,"column":47}},"64":{"start":{"line":65,"column":0},"end":{"line":65,"column":42}},"65":{"start":{"line":66,"column":0},"end":{"line":66,"column":39}},"66":{"start":{"line":67,"column":0},"end":{"line":67,"column":5}},"69":{"start":{"line":70,"column":0},"end":{"line":70,"column":23}},"70":{"start":{"line":71,"column":0},"end":{"line":71,"column":70}},"71":{"start":{"line":72,"column":0},"end":{"line":72,"column":19}},"72":{"start":{"line":73,"column":0},"end":{"line":73,"column":9}},"74":{"start":{"line":75,"column":0},"end":{"line":75,"column":52}},"75":{"start":{"line":76,"column":0},"end":{"line":76,"column":51}},"77":{"start":{"line":78,"column":0},"end":{"line":78,"column":27}},"79":{"start":{"line":80,"column":0},"end":{"line":80,"column":13}},"80":{"start":{"line":81,"column":0},"end":{"line":81,"column":44}},"81":{"start":{"line":82,"column":0},"end":{"line":82,"column":25}},"82":{"start":{"line":83,"column":0},"end":{"line":83,"column":45}},"83":{"start":{"line":84,"column":0},"end":{"line":84,"column":26}},"84":{"start":{"line":85,"column":0},"end":{"line":85,"column":25}},"85":{"start":{"line":86,"column":0},"end":{"line":86,"column":50}},"86":{"start":{"line":87,"column":0},"end":{"line":87,"column":26}},"87":{"start":{"line":88,"column":0},"end":{"line":88,"column":25}},"88":{"start":{"line":89,"column":0},"end":{"line":89,"column":50}},"89":{"start":{"line":90,"column":0},"end":{"line":90,"column":26}},"90":{"start":{"line":91,"column":0},"end":{"line":91,"column":25}},"91":{"start":{"line":92,"column":0},"end":{"line":92,"column":48}},"92":{"start":{"line":93,"column":0},"end":{"line":93,"column":26}},"93":{"start":{"line":94,"column":0},"end":{"line":94,"column":24}},"94":{"start":{"line":95,"column":0},"end":{"line":95,"column":27}},"95":{"start":{"line":96,"column":0},"end":{"line":96,"column":13}},"98":{"start":{"line":99,"column":0},"end":{"line":99,"column":118}},"101":{"start":{"line":102,"column":0},"end":{"line":102,"column":112}},"103":{"start":{"line":104,"column":0},"end":{"line":104,"column":42}},"104":{"start":{"line":105,"column":0},"end":{"line":105,"column":41}},"105":{"start":{"line":106,"column":0},"end":{"line":106,"column":43}},"106":{"start":{"line":107,"column":0},"end":{"line":107,"column":25}},"107":{"start":{"line":108,"column":0},"end":{"line":108,"column":81}},"108":{"start":{"line":109,"column":0},"end":{"line":109,"column":41}},"109":{"start":{"line":110,"column":0},"end":{"line":110,"column":43}},"110":{"start":{"line":111,"column":0},"end":{"line":111,"column":9}},"111":{"start":{"line":112,"column":0},"end":{"line":112,"column":5}},"114":{"start":{"line":115,"column":0},"end":{"line":115,"column":54}},"115":{"start":{"line":116,"column":0},"end":{"line":116,"column":50}},"116":{"start":{"line":117,"column":0},"end":{"line":117,"column":5}},"119":{"start":{"line":120,"column":0},"end":{"line":120,"column":18}},"120":{"start":{"line":121,"column":0},"end":{"line":121,"column":32}},"121":{"start":{"line":122,"column":0},"end":{"line":122,"column":5}},"124":{"start":{"line":125,"column":0},"end":{"line":125,"column":16}},"125":{"start":{"line":126,"column":0},"end":{"line":126,"column":32}},"126":{"start":{"line":127,"column":0},"end":{"line":127,"column":33}},"127":{"start":{"line":128,"column":0},"end":{"line":128,"column":37}},"128":{"start":{"line":129,"column":0},"end":{"line":129,"column":40}},"129":{"start":{"line":130,"column":0},"end":{"line":130,"column":5}},"132":{"start":{"line":133,"column":0},"end":{"line":133,"column":20}},"133":{"start":{"line":134,"column":0},"end":{"line":134,"column":26}},"134":{"start":{"line":135,"column":0},"end":{"line":135,"column":5}},"135":{"start":{"line":136,"column":0},"end":{"line":136,"column":1}},"138":{"start":{"line":139,"column":0},"end":{"line":139,"column":53}}},"s":{"0":1,"1":1,"17":1,"19":20,"22":20,"25":20,"28":20,"31":20,"33":20,"34":20,"35":20,"38":20,"40":14,"41":14,"42":14,"43":14,"44":14,"45":14,"46":14,"49":14,"52":14,"53":14,"54":14,"57":20,"58":10,"60":1,"61":1,"63":10,"64":10,"65":10,"66":10,"69":20,"70":8,"71":0,"72":0,"74":8,"75":8,"77":8,"79":8,"80":8,"81":8,"82":3,"83":3,"84":8,"85":1,"86":1,"87":8,"88":1,"89":1,"90":8,"91":3,"92":3,"93":8,"94":0,"95":8,"98":8,"101":8,"103":8,"104":8,"105":8,"106":8,"107":1,"108":1,"109":1,"110":1,"111":8,"114":20,"115":9,"116":9,"119":20,"120":1,"121":1,"124":20,"125":8,"126":8,"127":8,"128":8,"129":8,"132":20,"133":9,"134":9,"135":20,"138":1},"branchMap":{"0":{"type":"branch","line":18,"loc":{"start":{"line":18,"column":29},"end":{"line":136,"column":1}},"locations":[{"start":{"line":18,"column":29},"end":{"line":136,"column":1}}]},"1":{"type":"branch","line":34,"loc":{"start":{"line":34,"column":4},"end":{"line":36,"column":5}},"locations":[{"start":{"line":34,"column":4},"end":{"line":36,"column":5}}]},"2":{"type":"branch","line":39,"loc":{"start":{"line":39,"column":4},"end":{"line":55,"column":5}},"locations":[{"start":{"line":39,"column":4},"end":{"line":55,"column":5}}]},"3":{"type":"branch","line":58,"loc":{"start":{"line":58,"column":4},"end":{"line":67,"column":5}},"locations":[{"start":{"line":58,"column":4},"end":{"line":67,"column":5}}]},"4":{"type":"branch","line":59,"loc":{"start":{"line":59,"column":17},"end":{"line":59,"column":70}},"locations":[{"start":{"line":59,"column":17},"end":{"line":59,"column":70}}]},"5":{"type":"branch","line":59,"loc":{"start":{"line":59,"column":63},"end":{"line":59,"column":96}},"locations":[{"start":{"line":59,"column":63},"end":{"line":59,"column":96}}]},"6":{"type":"branch","line":59,"loc":{"start":{"line":59,"column":96},"end":{"line":62,"column":9}},"locations":[{"start":{"line":59,"column":96},"end":{"line":62,"column":9}}]},"7":{"type":"branch","line":70,"loc":{"start":{"line":70,"column":4},"end":{"line":112,"column":5}},"locations":[{"start":{"line":70,"column":4},"end":{"line":112,"column":5}}]},"8":{"type":"branch","line":71,"loc":{"start":{"line":71,"column":69},"end":{"line":73,"column":9}},"locations":[{"start":{"line":71,"column":69},"end":{"line":73,"column":9}}]},"9":{"type":"branch","line":82,"loc":{"start":{"line":82,"column":16},"end":{"line":84,"column":26}},"locations":[{"start":{"line":82,"column":16},"end":{"line":84,"column":26}}]},"10":{"type":"branch","line":85,"loc":{"start":{"line":85,"column":16},"end":{"line":87,"column":26}},"locations":[{"start":{"line":85,"column":16},"end":{"line":87,"column":26}}]},"11":{"type":"branch","line":88,"loc":{"start":{"line":88,"column":16},"end":{"line":90,"column":26}},"locations":[{"start":{"line":88,"column":16},"end":{"line":90,"column":26}}]},"12":{"type":"branch","line":91,"loc":{"start":{"line":91,"column":16},"end":{"line":93,"column":26}},"locations":[{"start":{"line":91,"column":16},"end":{"line":93,"column":26}}]},"13":{"type":"branch","line":94,"loc":{"start":{"line":94,"column":16},"end":{"line":95,"column":27}},"locations":[{"start":{"line":94,"column":16},"end":{"line":95,"column":27}}]},"14":{"type":"branch","line":96,"loc":{"start":{"line":96,"column":12},"end":{"line":99,"column":57}},"locations":[{"start":{"line":96,"column":12},"end":{"line":99,"column":57}}]},"15":{"type":"branch","line":99,"loc":{"start":{"line":99,"column":53},"end":{"line":99,"column":77}},"locations":[{"start":{"line":99,"column":53},"end":{"line":99,"column":77}}]},"16":{"type":"branch","line":99,"loc":{"start":{"line":99,"column":73},"end":{"line":99,"column":118}},"locations":[{"start":{"line":99,"column":73},"end":{"line":99,"column":118}}]},"17":{"type":"branch","line":107,"loc":{"start":{"line":107,"column":8},"end":{"line":111,"column":9}},"locations":[{"start":{"line":107,"column":8},"end":{"line":111,"column":9}}]},"18":{"type":"branch","line":108,"loc":{"start":{"line":108,"column":63},"end":{"line":108,"column":81}},"locations":[{"start":{"line":108,"column":63},"end":{"line":108,"column":81}}]},"19":{"type":"branch","line":115,"loc":{"start":{"line":115,"column":4},"end":{"line":117,"column":5}},"locations":[{"start":{"line":115,"column":4},"end":{"line":117,"column":5}}]},"20":{"type":"branch","line":120,"loc":{"start":{"line":120,"column":4},"end":{"line":122,"column":5}},"locations":[{"start":{"line":120,"column":4},"end":{"line":122,"column":5}}]},"21":{"type":"branch","line":125,"loc":{"start":{"line":125,"column":4},"end":{"line":130,"column":5}},"locations":[{"start":{"line":125,"column":4},"end":{"line":130,"column":5}}]},"22":{"type":"branch","line":133,"loc":{"start":{"line":133,"column":4},"end":{"line":135,"column":5}},"locations":[{"start":{"line":133,"column":4},"end":{"line":135,"column":5}}]}},"b":{"0":[20],"1":[20],"2":[14],"3":[10],"4":[1],"5":[1],"6":[1],"7":[8],"8":[0],"9":[3],"10":[1],"11":[1],"12":[3],"13":[0],"14":[7],"15":[6],"16":[1],"17":[1],"18":[0],"19":[9],"20":[1],"21":[8],"22":[9]},"fnMap":{"0":{"name":"<instance_members_initializer>","decl":{"start":{"line":18,"column":29},"end":{"line":136,"column":1}},"loc":{"start":{"line":18,"column":29},"end":{"line":136,"column":1}},"line":18},"1":{"name":"CalculatorStore","decl":{"start":{"line":34,"column":4},"end":{"line":36,"column":5}},"loc":{"start":{"line":34,"column":4},"end":{"line":36,"column":5}},"line":34},"2":{"name":"appendDigit","decl":{"start":{"line":39,"column":4},"end":{"line":55,"column":5}},"loc":{"start":{"line":39,"column":4},"end":{"line":55,"column":5}},"line":39},"3":{"name":"setOperation","decl":{"start":{"line":58,"column":4},"end":{"line":67,"column":5}},"loc":{"start":{"line":58,"column":4},"end":{"line":67,"column":5}},"line":58},"4":{"name":"calculateResult","decl":{"start":{"line":70,"column":4},"end":{"line":112,"column":5}},"loc":{"start":{"line":70,"column":4},"end":{"line":112,"column":5}},"line":70},"5":{"name":"addToHistory","decl":{"start":{"line":115,"column":4},"end":{"line":117,"column":5}},"loc":{"start":{"line":115,"column":4},"end":{"line":117,"column":5}},"line":115},"6":{"name":"clearEntry","decl":{"start":{"line":120,"column":4},"end":{"line":122,"column":5}},"loc":{"start":{"line":120,"column":4},"end":{"line":122,"column":5}},"line":120},"7":{"name":"clearAll","decl":{"start":{"line":125,"column":4},"end":{"line":130,"column":5}},"loc":{"start":{"line":125,"column":4},"end":{"line":130,"column":5}},"line":125},"8":{"name":"clearHistory","decl":{"start":{"line":133,"column":4},"end":{"line":135,"column":5}},"loc":{"start":{"line":133,"column":4},"end":{"line":135,"column":5}},"line":133}},"f":{"0":20,"1":20,"2":14,"3":10,"4":8,"5":9,"6":1,"7":8,"8":9}}
,"C:\\Users\\Rob\\Desktop\\repos\\simple-calcuator\\src\\utils\\calculations.ts": {"path":"C:\\Users\\Rob\\Desktop\\repos\\simple-calcuator\\src\\utils\\calculations.ts","all":false,"statementMap":{"6":{"start":{"line":7,"column":0},"end":{"line":7,"column":59}},"8":{"start":{"line":9,"column":0},"end":{"line":9,"column":64}},"10":{"start":{"line":11,"column":0},"end":{"line":11,"column":64}},"12":{"start":{"line":13,"column":0},"end":{"line":13,"column":57}},"13":{"start":{"line":14,"column":0},"end":{"line":14,"column":18}},"14":{"start":{"line":15,"column":0},"end":{"line":15,"column":44}},"15":{"start":{"line":16,"column":0},"end":{"line":16,"column":5}},"16":{"start":{"line":17,"column":0},"end":{"line":17,"column":17}},"17":{"start":{"line":18,"column":0},"end":{"line":18,"column":2}},"20":{"start":{"line":21,"column":0},"end":{"line":21,"column":65}},"22":{"start":{"line":23,"column":0},"end":{"line":23,"column":49}},"23":{"start":{"line":24,"column":0},"end":{"line":24,"column":29}},"25":{"start":{"line":26,"column":0},"end":{"line":26,"column":54}},"26":{"start":{"line":27,"column":0},"end":{"line":27,"column":20}},"27":{"start":{"line":28,"column":0},"end":{"line":28,"column":75}},"28":{"start":{"line":29,"column":0},"end":{"line":29,"column":5}},"29":{"start":{"line":30,"column":0},"end":{"line":30,"column":28}},"30":{"start":{"line":31,"column":0},"end":{"line":31,"column":2}},"42":{"start":{"line":43,"column":0},"end":{"line":43,"column":59}},"43":{"start":{"line":44,"column":0},"end":{"line":44,"column":22}},"44":{"start":{"line":45,"column":0},"end":{"line":45,"column":24}},"45":{"start":{"line":46,"column":0},"end":{"line":46,"column":20}},"46":{"start":{"line":47,"column":0},"end":{"line":47,"column":24}},"47":{"start":{"line":48,"column":0},"end":{"line":48,"column":13}},"48":{"start":{"line":49,"column":0},"end":{"line":49,"column":3}},"51":{"start":{"line":52,"column":0},"end":{"line":52,"column":88}},"52":{"start":{"line":53,"column":0},"end":{"line":53,"column":49}},"54":{"start":{"line":55,"column":0},"end":{"line":55,"column":23}},"55":{"start":{"line":56,"column":0},"end":{"line":56,"column":16}},"56":{"start":{"line":57,"column":0},"end":{"line":57,"column":21}},"57":{"start":{"line":58,"column":0},"end":{"line":58,"column":32}},"58":{"start":{"line":59,"column":0},"end":{"line":59,"column":31}},"59":{"start":{"line":60,"column":0},"end":{"line":60,"column":10}},"60":{"start":{"line":61,"column":0},"end":{"line":61,"column":5}},"63":{"start":{"line":64,"column":0},"end":{"line":64,"column":48}},"64":{"start":{"line":65,"column":0},"end":{"line":65,"column":16}},"65":{"start":{"line":66,"column":0},"end":{"line":66,"column":21}},"66":{"start":{"line":67,"column":0},"end":{"line":67,"column":31}},"67":{"start":{"line":68,"column":0},"end":{"line":68,"column":10}},"68":{"start":{"line":69,"column":0},"end":{"line":69,"column":5}},"71":{"start":{"line":72,"column":0},"end":{"line":72,"column":54}},"72":{"start":{"line":73,"column":0},"end":{"line":73,"column":21}},"73":{"start":{"line":74,"column":0},"end":{"line":74,"column":5}},"75":{"start":{"line":76,"column":0},"end":{"line":76,"column":12}},"76":{"start":{"line":77,"column":0},"end":{"line":77,"column":17}},"77":{"start":{"line":78,"column":0},"end":{"line":78,"column":42}},"78":{"start":{"line":79,"column":0},"end":{"line":79,"column":6}},"79":{"start":{"line":80,"column":0},"end":{"line":80,"column":2}},"82":{"start":{"line":83,"column":0},"end":{"line":83,"column":43}},"83":{"start":{"line":84,"column":0},"end":{"line":84,"column":25}},"86":{"start":{"line":87,"column":0},"end":{"line":87,"column":73}},"87":{"start":{"line":88,"column":0},"end":{"line":88,"column":13}},"88":{"start":{"line":89,"column":0},"end":{"line":89,"column":21}},"89":{"start":{"line":90,"column":0},"end":{"line":90,"column":3}},"92":{"start":{"line":93,"column":0},"end":{"line":93,"column":77}},"93":{"start":{"line":94,"column":0},"end":{"line":94,"column":61}},"95":{"start":{"line":96,"column":0},"end":{"line":96,"column":55}},"96":{"start":{"line":97,"column":0},"end":{"line":97,"column":21}},"97":{"start":{"line":98,"column":0},"end":{"line":98,"column":5}},"99":{"start":{"line":100,"column":0},"end":{"line":100,"column":50}},"100":{"start":{"line":101,"column":0},"end":{"line":101,"column":23}},"102":{"start":{"line":103,"column":0},"end":{"line":103,"column":9}},"103":{"start":{"line":104,"column":0},"end":{"line":104,"column":28}},"104":{"start":{"line":105,"column":0},"end":{"line":105,"column":21}},"105":{"start":{"line":106,"column":0},"end":{"line":106,"column":58}},"106":{"start":{"line":107,"column":0},"end":{"line":107,"column":22}},"107":{"start":{"line":108,"column":0},"end":{"line":108,"column":21}},"108":{"start":{"line":109,"column":0},"end":{"line":109,"column":63}},"109":{"start":{"line":110,"column":0},"end":{"line":110,"column":22}},"110":{"start":{"line":111,"column":0},"end":{"line":111,"column":21}},"111":{"start":{"line":112,"column":0},"end":{"line":112,"column":63}},"112":{"start":{"line":113,"column":0},"end":{"line":113,"column":22}},"113":{"start":{"line":114,"column":0},"end":{"line":114,"column":21}},"114":{"start":{"line":115,"column":0},"end":{"line":115,"column":61}},"115":{"start":{"line":116,"column":0},"end":{"line":116,"column":22}},"116":{"start":{"line":117,"column":0},"end":{"line":117,"column":20}},"117":{"start":{"line":118,"column":0},"end":{"line":118,"column":29}},"118":{"start":{"line":119,"column":0},"end":{"line":119,"column":9}},"120":{"start":{"line":121,"column":0},"end":{"line":121,"column":16}},"121":{"start":{"line":122,"column":0},"end":{"line":122,"column":21}},"122":{"start":{"line":123,"column":0},"end":{"line":123,"column":41}},"123":{"start":{"line":124,"column":0},"end":{"line":124,"column":32}},"124":{"start":{"line":125,"column":0},"end":{"line":125,"column":28}},"125":{"start":{"line":126,"column":0},"end":{"line":126,"column":30}},"126":{"start":{"line":127,"column":0},"end":{"line":127,"column":10}},"127":{"start":{"line":128,"column":0},"end":{"line":128,"column":21}},"128":{"start":{"line":129,"column":0},"end":{"line":129,"column":16}},"129":{"start":{"line":130,"column":0},"end":{"line":130,"column":21}},"130":{"start":{"line":131,"column":0},"end":{"line":131,"column":75}},"131":{"start":{"line":132,"column":0},"end":{"line":132,"column":32}},"132":{"start":{"line":133,"column":0},"end":{"line":133,"column":28}},"133":{"start":{"line":134,"column":0},"end":{"line":134,"column":30}},"134":{"start":{"line":135,"column":0},"end":{"line":135,"column":10}},"135":{"start":{"line":136,"column":0},"end":{"line":136,"column":5}},"136":{"start":{"line":137,"column":0},"end":{"line":137,"column":2}},"139":{"start":{"line":140,"column":0},"end":{"line":140,"column":97}},"140":{"start":{"line":141,"column":0},"end":{"line":141,"column":61}},"141":{"start":{"line":142,"column":0},"end":{"line":142,"column":50}},"144":{"start":{"line":145,"column":0},"end":{"line":145,"column":78}},"145":{"start":{"line":146,"column":0},"end":{"line":146,"column":48}},"146":{"start":{"line":147,"column":0},"end":{"line":147,"column":16}},"147":{"start":{"line":148,"column":0},"end":{"line":148,"column":24}},"148":{"start":{"line":149,"column":0},"end":{"line":149,"column":61}},"149":{"start":{"line":150,"column":0},"end":{"line":150,"column":37}},"150":{"start":{"line":151,"column":0},"end":{"line":151,"column":30}},"151":{"start":{"line":152,"column":0},"end":{"line":152,"column":10}},"152":{"start":{"line":153,"column":0},"end":{"line":153,"column":5}},"154":{"start":{"line":155,"column":0},"end":{"line":155,"column":12}},"155":{"start":{"line":156,"column":0},"end":{"line":156,"column":17}},"156":{"start":{"line":157,"column":0},"end":{"line":157,"column":36}},"157":{"start":{"line":158,"column":0},"end":{"line":158,"column":33}},"158":{"start":{"line":159,"column":0},"end":{"line":159,"column":26}},"159":{"start":{"line":160,"column":0},"end":{"line":160,"column":6}},"160":{"start":{"line":161,"column":0},"end":{"line":161,"column":2}},"163":{"start":{"line":164,"column":0},"end":{"line":164,"column":74}},"164":{"start":{"line":165,"column":0},"end":{"line":165,"column":13}},"165":{"start":{"line":166,"column":0},"end":{"line":166,"column":42}},"166":{"start":{"line":167,"column":0},"end":{"line":167,"column":3}},"168":{"start":{"line":169,"column":0},"end":{"line":169,"column":75}},"169":{"start":{"line":170,"column":0},"end":{"line":170,"column":13}},"170":{"start":{"line":171,"column":0},"end":{"line":171,"column":39}},"171":{"start":{"line":172,"column":0},"end":{"line":172,"column":22}},"172":{"start":{"line":173,"column":0},"end":{"line":173,"column":3}},"174":{"start":{"line":175,"column":0},"end":{"line":175,"column":72}},"175":{"start":{"line":176,"column":0},"end":{"line":176,"column":13}},"176":{"start":{"line":177,"column":0},"end":{"line":177,"column":61}},"177":{"start":{"line":178,"column":0},"end":{"line":178,"column":3}},"179":{"start":{"line":180,"column":0},"end":{"line":180,"column":77}},"180":{"start":{"line":181,"column":0},"end":{"line":181,"column":13}},"181":{"start":{"line":182,"column":0},"end":{"line":182,"column":66}},"182":{"start":{"line":183,"column":0},"end":{"line":183,"column":3}},"184":{"start":{"line":185,"column":0},"end":{"line":185,"column":74}},"185":{"start":{"line":186,"column":0},"end":{"line":186,"column":13}},"186":{"start":{"line":187,"column":0},"end":{"line":187,"column":13}},"187":{"start":{"line":188,"column":0},"end":{"line":188,"column":3}}},"s":{"6":1,"8":1,"10":1,"12":1,"13":7,"14":3,"15":3,"16":4,"17":4,"20":1,"22":1,"23":3,"25":1,"26":3,"27":1,"28":1,"29":2,"30":2,"42":1,"43":10,"44":10,"45":10,"46":10,"47":10,"48":10,"51":1,"52":21,"54":21,"55":3,"56":3,"57":3,"58":3,"59":3,"60":3,"63":21,"64":7,"65":7,"66":7,"67":7,"68":7,"71":21,"72":2,"73":2,"75":9,"76":9,"77":9,"78":9,"79":9,"82":1,"83":1,"86":1,"87":1,"88":1,"89":1,"92":1,"93":5,"95":5,"96":1,"97":1,"99":4,"100":4,"102":4,"103":4,"104":5,"105":3,"106":3,"107":5,"108":0,"109":0,"110":5,"111":0,"112":0,"113":5,"114":1,"115":1,"116":5,"117":0,"118":5,"120":3,"121":3,"122":3,"123":3,"124":3,"125":3,"126":3,"127":5,"128":1,"129":1,"130":1,"131":1,"132":1,"133":1,"134":1,"135":1,"136":5,"139":1,"140":2,"141":2,"144":2,"145":1,"146":1,"147":1,"148":1,"149":1,"150":1,"151":1,"152":1,"154":1,"155":1,"156":1,"157":1,"158":1,"159":1,"160":1,"163":1,"164":1,"165":1,"166":1,"168":1,"169":1,"170":1,"171":1,"172":1,"174":1,"175":1,"176":1,"177":1,"179":1,"180":1,"181":1,"182":1,"184":1,"185":1,"186":1,"187":1},"branchMap":{"0":{"type":"branch","line":7,"loc":{"start":{"line":7,"column":19},"end":{"line":7,"column":59}},"locations":[{"start":{"line":7,"column":19},"end":{"line":7,"column":59}}]},"1":{"type":"branch","line":9,"loc":{"start":{"line":9,"column":24},"end":{"line":9,"column":64}},"locations":[{"start":{"line":9,"column":24},"end":{"line":9,"column":64}}]},"2":{"type":"branch","line":11,"loc":{"start":{"line":11,"column":24},"end":{"line":11,"column":64}},"locations":[{"start":{"line":11,"column":24},"end":{"line":11,"column":64}}]},"3":{"type":"branch","line":13,"loc":{"start":{"line":13,"column":22},"end":{"line":18,"column":2}},"locations":[{"start":{"line":13,"column":22},"end":{"line":18,"column":2}}]},"4":{"type":"branch","line":14,"loc":{"start":{"line":14,"column":17},"end":{"line":18,"column":2}},"locations":[{"start":{"line":14,"column":17},"end":{"line":18,"column":2}}]},"5":{"type":"branch","line":14,"loc":{"start":{"line":14,"column":17},"end":{"line":16,"column":5}},"locations":[{"start":{"line":14,"column":17},"end":{"line":16,"column":5}}]},"6":{"type":"branch","line":16,"loc":{"start":{"line":16,"column":4},"end":{"line":18,"column":2}},"locations":[{"start":{"line":16,"column":4},"end":{"line":18,"column":2}}]},"7":{"type":"branch","line":21,"loc":{"start":{"line":21,"column":26},"end":{"line":21,"column":65}},"locations":[{"start":{"line":21,"column":26},"end":{"line":21,"column":65}}]},"8":{"type":"branch","line":23,"loc":{"start":{"line":23,"column":22},"end":{"line":24,"column":29}},"locations":[{"start":{"line":23,"column":22},"end":{"line":24,"column":29}}]},"9":{"type":"branch","line":24,"loc":{"start":{"line":24,"column":14},"end":{"line":24,"column":22}},"locations":[{"start":{"line":24,"column":14},"end":{"line":24,"column":22}}]},"10":{"type":"branch","line":24,"loc":{"start":{"line":24,"column":18},"end":{"line":24,"column":29}},"locations":[{"start":{"line":24,"column":18},"end":{"line":24,"column":29}}]},"11":{"type":"branch","line":26,"loc":{"start":{"line":26,"column":26},"end":{"line":31,"column":2}},"locations":[{"start":{"line":26,"column":26},"end":{"line":31,"column":2}}]},"12":{"type":"branch","line":27,"loc":{"start":{"line":27,"column":19},"end":{"line":29,"column":5}},"locations":[{"start":{"line":27,"column":19},"end":{"line":29,"column":5}}]},"13":{"type":"branch","line":29,"loc":{"start":{"line":29,"column":4},"end":{"line":31,"column":2}},"locations":[{"start":{"line":29,"column":4},"end":{"line":31,"column":2}}]},"14":{"type":"branch","line":43,"loc":{"start":{"line":43,"column":34},"end":{"line":49,"column":3}},"locations":[{"start":{"line":43,"column":34},"end":{"line":49,"column":3}}]},"15":{"type":"branch","line":52,"loc":{"start":{"line":52,"column":27},"end":{"line":80,"column":2}},"locations":[{"start":{"line":52,"column":27},"end":{"line":80,"column":2}}]},"16":{"type":"branch","line":55,"loc":{"start":{"line":55,"column":22},"end":{"line":61,"column":5}},"locations":[{"start":{"line":55,"column":22},"end":{"line":61,"column":5}}]},"17":{"type":"branch","line":61,"loc":{"start":{"line":61,"column":4},"end":{"line":64,"column":32}},"locations":[{"start":{"line":61,"column":4},"end":{"line":64,"column":32}}]},"18":{"type":"branch","line":64,"loc":{"start":{"line":64,"column":25},"end":{"line":64,"column":47}},"locations":[{"start":{"line":64,"column":25},"end":{"line":64,"column":47}}]},"19":{"type":"branch","line":64,"loc":{"start":{"line":64,"column":47},"end":{"line":69,"column":5}},"locations":[{"start":{"line":64,"column":47},"end":{"line":69,"column":5}}]},"20":{"type":"branch","line":69,"loc":{"start":{"line":69,"column":4},"end":{"line":72,"column":53}},"locations":[{"start":{"line":69,"column":4},"end":{"line":72,"column":53}}]},"21":{"type":"branch","line":69,"loc":{"start":{"line":69,"column":4},"end":{"line":72,"column":25}},"locations":[{"start":{"line":69,"column":4},"end":{"line":72,"column":25}}]},"22":{"type":"branch","line":72,"loc":{"start":{"line":72,"column":18},"end":{"line":72,"column":53}},"locations":[{"start":{"line":72,"column":18},"end":{"line":72,"column":53}}]},"23":{"type":"branch","line":72,"loc":{"start":{"line":72,"column":53},"end":{"line":80,"column":2}},"locations":[{"start":{"line":72,"column":53},"end":{"line":80,"column":2}}]},"24":{"type":"branch","line":72,"loc":{"start":{"line":72,"column":53},"end":{"line":74,"column":5}},"locations":[{"start":{"line":72,"column":53},"end":{"line":74,"column":5}}]},"25":{"type":"branch","line":74,"loc":{"start":{"line":74,"column":4},"end":{"line":80,"column":2}},"locations":[{"start":{"line":74,"column":4},"end":{"line":80,"column":2}}]},"26":{"type":"branch","line":83,"loc":{"start":{"line":83,"column":21},"end":{"line":84,"column":25}},"locations":[{"start":{"line":83,"column":21},"end":{"line":84,"column":25}}]},"27":{"type":"branch","line":87,"loc":{"start":{"line":87,"column":26},"end":{"line":90,"column":3}},"locations":[{"start":{"line":87,"column":26},"end":{"line":90,"column":3}}]},"28":{"type":"branch","line":93,"loc":{"start":{"line":93,"column":31},"end":{"line":137,"column":2}},"locations":[{"start":{"line":93,"column":31},"end":{"line":137,"column":2}}]},"29":{"type":"branch","line":96,"loc":{"start":{"line":96,"column":26},"end":{"line":96,"column":54}},"locations":[{"start":{"line":96,"column":26},"end":{"line":96,"column":54}}]},"30":{"type":"branch","line":96,"loc":{"start":{"line":96,"column":54},"end":{"line":98,"column":5}},"locations":[{"start":{"line":96,"column":54},"end":{"line":98,"column":5}}]},"31":{"type":"branch","line":98,"loc":{"start":{"line":98,"column":4},"end":{"line":104,"column":28}},"locations":[{"start":{"line":98,"column":4},"end":{"line":104,"column":28}}]},"32":{"type":"branch","line":105,"loc":{"start":{"line":105,"column":12},"end":{"line":107,"column":22}},"locations":[{"start":{"line":105,"column":12},"end":{"line":107,"column":22}}]},"33":{"type":"branch","line":108,"loc":{"start":{"line":108,"column":12},"end":{"line":110,"column":22}},"locations":[{"start":{"line":108,"column":12},"end":{"line":110,"column":22}}]},"34":{"type":"branch","line":111,"loc":{"start":{"line":111,"column":12},"end":{"line":113,"column":22}},"locations":[{"start":{"line":111,"column":12},"end":{"line":113,"column":22}}]},"35":{"type":"branch","line":114,"loc":{"start":{"line":114,"column":12},"end":{"line":116,"column":22}},"locations":[{"start":{"line":114,"column":12},"end":{"line":116,"column":22}}]},"36":{"type":"branch","line":117,"loc":{"start":{"line":117,"column":12},"end":{"line":118,"column":29}},"locations":[{"start":{"line":117,"column":12},"end":{"line":118,"column":29}}]},"37":{"type":"branch","line":119,"loc":{"start":{"line":119,"column":8},"end":{"line":128,"column":13}},"locations":[{"start":{"line":119,"column":8},"end":{"line":128,"column":13}}]},"38":{"type":"branch","line":128,"loc":{"start":{"line":128,"column":4},"end":{"line":136,"column":5}},"locations":[{"start":{"line":128,"column":4},"end":{"line":136,"column":5}}]},"39":{"type":"branch","line":131,"loc":{"start":{"line":131,"column":57},"end":{"line":131,"column":75}},"locations":[{"start":{"line":131,"column":57},"end":{"line":131,"column":75}}]},"40":{"type":"branch","line":140,"loc":{"start":{"line":140,"column":28},"end":{"line":161,"column":2}},"locations":[{"start":{"line":140,"column":28},"end":{"line":161,"column":2}}]},"41":{"type":"branch","line":145,"loc":{"start":{"line":145,"column":26},"end":{"line":145,"column":56}},"locations":[{"start":{"line":145,"column":26},"end":{"line":145,"column":56}}]},"42":{"type":"branch","line":145,"loc":{"start":{"line":145,"column":48},"end":{"line":145,"column":77}},"locations":[{"start":{"line":145,"column":48},"end":{"line":145,"column":77}}]},"43":{"type":"branch","line":145,"loc":{"start":{"line":145,"column":77},"end":{"line":161,"column":2}},"locations":[{"start":{"line":145,"column":77},"end":{"line":161,"column":2}}]},"44":{"type":"branch","line":164,"loc":{"start":{"line":164,"column":27},"end":{"line":167,"column":3}},"locations":[{"start":{"line":164,"column":27},"end":{"line":167,"column":3}}]},"45":{"type":"branch","line":169,"loc":{"start":{"line":169,"column":28},"end":{"line":173,"column":3}},"locations":[{"start":{"line":169,"column":28},"end":{"line":173,"column":3}}]},"46":{"type":"branch","line":175,"loc":{"start":{"line":175,"column":25},"end":{"line":178,"column":3}},"locations":[{"start":{"line":175,"column":25},"end":{"line":178,"column":3}}]},"47":{"type":"branch","line":180,"loc":{"start":{"line":180,"column":30},"end":{"line":183,"column":3}},"locations":[{"start":{"line":180,"column":30},"end":{"line":183,"column":3}}]},"48":{"type":"branch","line":185,"loc":{"start":{"line":185,"column":27},"end":{"line":188,"column":3}},"locations":[{"start":{"line":185,"column":27},"end":{"line":188,"column":3}}]}},"b":{"0":[10],"1":[4],"2":[4],"3":[7],"4":[5],"5":[3],"6":[4],"7":[2],"8":[3],"9":[1],"10":[2],"11":[3],"12":[1],"13":[2],"14":[10],"15":[21],"16":[3],"17":[18],"18":[8],"19":[7],"20":[19],"21":[11],"22":[5],"23":[19],"24":[2],"25":[9],"26":[1],"27":[1],"28":[5],"29":[4],"30":[1],"31":[4],"32":[3],"33":[0],"34":[0],"35":[1],"36":[0],"37":[3],"38":[1],"39":[0],"40":[2],"41":[1],"42":[1],"43":[1],"44":[1],"45":[1],"46":[1],"47":[1],"48":[1]},"fnMap":{"0":{"name":"add","decl":{"start":{"line":7,"column":19},"end":{"line":7,"column":59}},"loc":{"start":{"line":7,"column":19},"end":{"line":7,"column":59}},"line":7},"1":{"name":"subtract","decl":{"start":{"line":9,"column":24},"end":{"line":9,"column":64}},"loc":{"start":{"line":9,"column":24},"end":{"line":9,"column":64}},"line":9},"2":{"name":"multiply","decl":{"start":{"line":11,"column":24},"end":{"line":11,"column":64}},"loc":{"start":{"line":11,"column":24},"end":{"line":11,"column":64}},"line":11},"3":{"name":"divide","decl":{"start":{"line":13,"column":22},"end":{"line":18,"column":2}},"loc":{"start":{"line":13,"column":22},"end":{"line":18,"column":2}},"line":13},"4":{"name":"percentage","decl":{"start":{"line":21,"column":26},"end":{"line":21,"column":65}},"loc":{"start":{"line":21,"column":26},"end":{"line":21,"column":65}},"line":21},"5":{"name":"negate","decl":{"start":{"line":23,"column":22},"end":{"line":24,"column":29}},"loc":{"start":{"line":23,"column":22},"end":{"line":24,"column":29}},"line":23},"6":{"name":"squareRoot","decl":{"start":{"line":26,"column":26},"end":{"line":31,"column":2}},"loc":{"start":{"line":26,"column":26},"end":{"line":31,"column":2}},"line":26},"7":{"name":"createInitialState","decl":{"start":{"line":43,"column":34},"end":{"line":49,"column":3}},"loc":{"start":{"line":43,"column":34},"end":{"line":49,"column":3}},"line":43},"8":{"name":"appendDigit","decl":{"start":{"line":52,"column":27},"end":{"line":80,"column":2}},"loc":{"start":{"line":52,"column":27},"end":{"line":80,"column":2}},"line":52},"9":{"name":"clear","decl":{"start":{"line":83,"column":21},"end":{"line":84,"column":25}},"loc":{"start":{"line":83,"column":21},"end":{"line":84,"column":25}},"line":83},"10":{"name":"clearEntry","decl":{"start":{"line":87,"column":26},"end":{"line":90,"column":3}},"loc":{"start":{"line":87,"column":26},"end":{"line":90,"column":3}},"line":87},"11":{"name":"calculateResult","decl":{"start":{"line":93,"column":31},"end":{"line":137,"column":2}},"loc":{"start":{"line":93,"column":31},"end":{"line":137,"column":2}},"line":93},"12":{"name":"setOperation","decl":{"start":{"line":140,"column":28},"end":{"line":161,"column":2}},"loc":{"start":{"line":140,"column":28},"end":{"line":161,"column":2}},"line":140},"13":{"name":"memoryStore","decl":{"start":{"line":164,"column":27},"end":{"line":167,"column":3}},"loc":{"start":{"line":164,"column":27},"end":{"line":167,"column":3}},"line":164},"14":{"name":"memoryRecall","decl":{"start":{"line":169,"column":28},"end":{"line":173,"column":3}},"loc":{"start":{"line":169,"column":28},"end":{"line":173,"column":3}},"line":169},"15":{"name":"memoryAdd","decl":{"start":{"line":175,"column":25},"end":{"line":178,"column":3}},"loc":{"start":{"line":175,"column":25},"end":{"line":178,"column":3}},"line":175},"16":{"name":"memorySubtract","decl":{"start":{"line":180,"column":30},"end":{"line":183,"column":3}},"loc":{"start":{"line":180,"column":30},"end":{"line":183,"column":3}},"line":180},"17":{"name":"memoryClear","decl":{"start":{"line":185,"column":27},"end":{"line":188,"column":3}},"loc":{"start":{"line":185,"column":27},"end":{"line":188,"column":3}},"line":185}},"f":{"0":10,"1":4,"2":4,"3":7,"4":2,"5":3,"6":3,"7":10,"8":21,"9":1,"10":1,"11":5,"12":2,"13":1,"14":1,"15":1,"16":1,"17":1}}
}
